<?xml version="1.0" encoding="UTF-8"?>
<testsuites name="AssociatorTestSuite" time="2.735" tests="1" failures="1" skips="0" errors="0">
   <testsuite name="AssociatorTestSuite" tests="1" failures="1" errors="0" time="2.735" skips="0" timestamp="2021-05-08 23:33:08" hostname="kazuakiurayama - kazuakinoair.airport" id="Test Suites/junittest/AssociatorTestSuite">
      <properties>
         <property name="deviceName" value=""/>
         <property name="devicePlatform" value=""/>
         <property name="logFolder" value="/Users/kazuakiurayama/katalon-workspace/kazurayam-ks-testobject-testcase-association-tracer/Reports/20210508_233258/junittest/AssociatorTestSuite/20210508_233259"/>
         <property name="logFiles" value="/Users/kazuakiurayama/katalon-workspace/kazurayam-ks-testobject-testcase-association-tracer/Reports/20210508_233258/junittest/AssociatorTestSuite/20210508_233259/execution0.log"/>
         <property name="attachments" value=""/>
         <property name="hostName" value="kazuakiurayama - kazuakinoair.airport"/>
         <property name="hostAddress" value="192.168.0.9"/>
         <property name="os" value="Mac OS X 64bit"/>
         <property name="katalonVersion" value="7.9.1.208"/>
      </properties>
      <testcase name="Test Cases/junittest/AssociatorTestRunner" time="1.036" classname="Test Cases/junittest/AssociatorTestRunner" status="FAILED">
         <failure type="FAILED" message="Test Cases/junittest/AssociatorTestRunner FAILED.
Reason:
com.kms.katalon.core.exception.StepFailedException: These following reason:
 [
	java.lang.AssertionError: callees: [test_modifyTestObject]
		at org.junit.Assert.fail(Assert.java:89)
		at org.junit.Assert.assertTrue(Assert.java:42)
		at com.kazurayam.ks.testobject.AssociatorTest.test_TestObjectInObjectRepository(AssociatorTest.groovy:37)
		at org.junit.runners.model.FrameworkMethod$1.runReflectiveCall(FrameworkMethod.java:59)
		at org.junit.internal.runners.model.ReflectiveCallable.run(ReflectiveCallable.java:12)
		at org.junit.runners.model.FrameworkMethod.invokeExplosively(FrameworkMethod.java:56)
		at org.junit.internal.runners.statements.InvokeMethod.evaluate(InvokeMethod.java:17)
		at org.junit.internal.runners.statements.RunBefores.evaluate(RunBefores.java:26)
		at org.junit.runners.ParentRunner$3.evaluate(ParentRunner.java:306)
		at org.junit.runners.BlockJUnit4ClassRunner$1.evaluate(BlockJUnit4ClassRunner.java:100)
		at org.junit.runners.ParentRunner.runLeaf(ParentRunner.java:366)
		at org.junit.runners.BlockJUnit4ClassRunner.runChild(BlockJUnit4ClassRunner.java:103)
		at org.junit.runners.BlockJUnit4ClassRunner.runChild(BlockJUnit4ClassRunner.java:63)
		at org.junit.runners.ParentRunner$4.run(ParentRunner.java:331)
		at org.junit.runners.ParentRunner$1.schedule(ParentRunner.java:79)
		at org.junit.runners.ParentRunner.runChildren(ParentRunner.java:329)
		at org.junit.runners.ParentRunner.access$100(ParentRunner.java:66)
		at org.junit.runners.ParentRunner$2.evaluate(ParentRunner.java:293)
		at org.junit.runners.ParentRunner$3.evaluate(ParentRunner.java:306)
		at org.junit.runners.ParentRunner.run(ParentRunner.java:413)
		at org.junit.runners.Suite.runChild(Suite.java:128)
		at org.junit.runners.Suite.runChild(Suite.java:27)
		at org.junit.runners.ParentRunner$4.run(ParentRunner.java:331)
		at org.junit.runners.ParentRunner$1.schedule(ParentRunner.java:79)
		at org.junit.runners.ParentRunner.runChildren(ParentRunner.java:329)
		at org.junit.runners.ParentRunner.access$100(ParentRunner.java:66)
		at org.junit.runners.ParentRunner$2.evaluate(ParentRunner.java:293)
		at org.junit.runners.ParentRunner$3.evaluate(ParentRunner.java:306)
		at org.junit.runners.ParentRunner.run(ParentRunner.java:413)
		at org.junit.runner.JUnitCore.run(JUnitCore.java:137)
		at org.junit.runner.JUnitCore.run(JUnitCore.java:115)
		at org.junit.runner.JUnitCore.run(JUnitCore.java:105)
		at com.kazurayam.junit4ks.JUnitCustomKeywords$_runWithJUnitRunner_closure1.doCall(JUnitCustomKeywords.groovy:138)
		at com.kazurayam.junit4ks.JUnitCustomKeywords$_runWithJUnitRunner_closure1.doCall(JUnitCustomKeywords.groovy)
		at com.kms.katalon.core.keyword.internal.KeywordMain.runKeyword(KeywordMain.groovy:68)
		at com.kms.katalon.core.keyword.internal.KeywordMain$runKeyword.call(Unknown Source)
		at com.kazurayam.junit4ks.JUnitCustomKeywords.runWithJUnitRunner(JUnitCustomKeywords.groovy:134)
		at com.kazurayam.junit4ks.JUnitCustomKeywords$runWithJUnitRunner$0.callStatic(Unknown Source)
		at com.kazurayam.junit4ks.JUnitCustomKeywords.runWithJUnitRunner(JUnitCustomKeywords.groovy:215)
		at com.kazurayam.junit4ks.JUnitCustomKeywords$runWithJUnitRunner.callStatic(Unknown Source)
		at AssociatorTestRunner.run(AssociatorTestRunner:4)
		at com.kms.katalon.core.main.ScriptEngine.run(ScriptEngine.java:194)
		at com.kms.katalon.core.main.ScriptEngine.runScriptAsRawText(ScriptEngine.java:119)
		at com.kms.katalon.core.main.TestCaseExecutor.runScript(TestCaseExecutor.java:398)
		at com.kms.katalon.core.main.TestCaseExecutor.doExecute(TestCaseExecutor.java:389)
		at com.kms.katalon.core.main.TestCaseExecutor.processExecutionPhase(TestCaseExecutor.java:368)
		at com.kms.katalon.core.main.TestCaseExecutor.accessMainPhase(TestCaseExecutor.java:360)
		at com.kms.katalon.core.main.TestCaseExecutor.execute(TestCaseExecutor.java:255)
		at com.kms.katalon.core.main.TestSuiteExecutor.accessTestCaseMainPhase(TestSuiteExecutor.java:203)
		at com.kms.katalon.core.main.TestSuiteExecutor.accessTestSuiteMainPhase(TestSuiteExecutor.java:152)
		at com.kms.katalon.core.main.TestSuiteExecutor.execute(TestSuiteExecutor.java:95)
		at com.kms.katalon.core.main.TestCaseMain.startTestSuite(TestCaseMain.java:157)
		at com.kms.katalon.core.main.TestCaseMain$startTestSuite$0.call(Unknown Source)
		at TempTestSuite1620484379933.run(TempTestSuite1620484379933.groovy:39)
	]
	at com.kms.katalon.core.keyword.internal.KeywordMain.stepFailed(KeywordMain.groovy:50)
	at com.kms.katalon.core.keyword.internal.KeywordMain.stepFailed(KeywordMain.groovy)
	at com.kms.katalon.core.keyword.internal.KeywordMain.stepFailed(KeywordMain.groovy:23)
	at com.kms.katalon.core.keyword.internal.KeywordMain$stepFailed$0.call(Unknown Source)
	at com.kazurayam.junit4ks.JUnitCustomKeywords$_runWithJUnitRunner_closure1.doCall(JUnitCustomKeywords.groovy:150)
	at com.kazurayam.junit4ks.JUnitCustomKeywords$_runWithJUnitRunner_closure1.doCall(JUnitCustomKeywords.groovy)
	at com.kms.katalon.core.keyword.internal.KeywordMain.runKeyword(KeywordMain.groovy:68)
	at com.kms.katalon.core.keyword.internal.KeywordMain$runKeyword.call(Unknown Source)
	at com.kazurayam.junit4ks.JUnitCustomKeywords.runWithJUnitRunner(JUnitCustomKeywords.groovy:134)
	at com.kazurayam.junit4ks.JUnitCustomKeywords$runWithJUnitRunner$0.callStatic(Unknown Source)
	at com.kazurayam.junit4ks.JUnitCustomKeywords.runWithJUnitRunner(JUnitCustomKeywords.groovy:215)
	at com.kazurayam.junit4ks.JUnitCustomKeywords$runWithJUnitRunner.callStatic(Unknown Source)
	at AssociatorTestRunner.run(AssociatorTestRunner:4)
	at com.kms.katalon.core.main.ScriptEngine.run(ScriptEngine.java:194)
	at com.kms.katalon.core.main.ScriptEngine.runScriptAsRawText(ScriptEngine.java:119)
	at com.kms.katalon.core.main.TestCaseExecutor.runScript(TestCaseExecutor.java:398)
	at com.kms.katalon.core.main.TestCaseExecutor.doExecute(TestCaseExecutor.java:389)
	at com.kms.katalon.core.main.TestCaseExecutor.processExecutionPhase(TestCaseExecutor.java:368)
	at com.kms.katalon.core.main.TestCaseExecutor.accessMainPhase(TestCaseExecutor.java:360)
	at com.kms.katalon.core.main.TestCaseExecutor.execute(TestCaseExecutor.java:255)
	at com.kms.katalon.core.main.TestSuiteExecutor.accessTestCaseMainPhase(TestSuiteExecutor.java:203)
	at com.kms.katalon.core.main.TestSuiteExecutor.accessTestSuiteMainPhase(TestSuiteExecutor.java:152)
	at com.kms.katalon.core.main.TestSuiteExecutor.execute(TestSuiteExecutor.java:95)
	at com.kms.katalon.core.main.TestCaseMain.startTestSuite(TestCaseMain.java:157)
	at com.kms.katalon.core.main.TestCaseMain$startTestSuite$0.call(Unknown Source)
	at TempTestSuite1620484379933.run(TempTestSuite1620484379933.groovy:39)
"/>
         <system-out><![CDATA[2021-05-08 23:33:09 - [TEST_CASE][FAILED] - Test Cases/junittest/AssociatorTestRunner: Test Cases/junittest/AssociatorTestRunner FAILED.
Reason:
com.kms.katalon.core.exception.StepFailedException: These following reason:
 [
	java.lang.AssertionError: callees: [test_modifyTestObject]
		at org.junit.Assert.fail(Assert.java:89)
		at org.junit.Assert.assertTrue(Assert.java:42)
		at com.kazurayam.ks.testobject.AssociatorTest.test_TestObjectInObjectRepository(AssociatorTest.groovy:37)
		at org.junit.runners.model.FrameworkMethod$1.runReflectiveCall(FrameworkMethod.java:59)
		at org.junit.internal.runners.model.ReflectiveCallable.run(ReflectiveCallable.java:12)
		at org.junit.runners.model.FrameworkMethod.invokeExplosively(FrameworkMethod.java:56)
		at org.junit.internal.runners.statements.InvokeMethod.evaluate(InvokeMethod.java:17)
		at org.junit.internal.runners.statements.RunBefores.evaluate(RunBefores.java:26)
		at org.junit.runners.ParentRunner$3.evaluate(ParentRunner.java:306)
		at org.junit.runners.BlockJUnit4ClassRunner$1.evaluate(BlockJUnit4ClassRunner.java:100)
		at org.junit.runners.ParentRunner.runLeaf(ParentRunner.java:366)
		at org.junit.runners.BlockJUnit4ClassRunner.runChild(BlockJUnit4ClassRunner.java:103)
		at org.junit.runners.BlockJUnit4ClassRunner.runChild(BlockJUnit4ClassRunner.java:63)
		at org.junit.runners.ParentRunner$4.run(ParentRunner.java:331)
		at org.junit.runners.ParentRunner$1.schedule(ParentRunner.java:79)
		at org.junit.runners.ParentRunner.runChildren(ParentRunner.java:329)
		at org.junit.runners.ParentRunner.access$100(ParentRunner.java:66)
		at org.junit.runners.ParentRunner$2.evaluate(ParentRunner.java:293)
		at org.junit.runners.ParentRunner$3.evaluate(ParentRunner.java:306)
		at org.junit.runners.ParentRunner.run(ParentRunner.java:413)
		at org.junit.runners.Suite.runChild(Suite.java:128)
		at org.junit.runners.Suite.runChild(Suite.java:27)
		at org.junit.runners.ParentRunner$4.run(ParentRunner.java:331)
		at org.junit.runners.ParentRunner$1.schedule(ParentRunner.java:79)
		at org.junit.runners.ParentRunner.runChildren(ParentRunner.java:329)
		at org.junit.runners.ParentRunner.access$100(ParentRunner.java:66)
		at org.junit.runners.ParentRunner$2.evaluate(ParentRunner.java:293)
		at org.junit.runners.ParentRunner$3.evaluate(ParentRunner.java:306)
		at org.junit.runners.ParentRunner.run(ParentRunner.java:413)
		at org.junit.runner.JUnitCore.run(JUnitCore.java:137)
		at org.junit.runner.JUnitCore.run(JUnitCore.java:115)
		at org.junit.runner.JUnitCore.run(JUnitCore.java:105)
		at com.kazurayam.junit4ks.JUnitCustomKeywords$_runWithJUnitRunner_closure1.doCall(JUnitCustomKeywords.groovy:138)
		at com.kazurayam.junit4ks.JUnitCustomKeywords$_runWithJUnitRunner_closure1.doCall(JUnitCustomKeywords.groovy)
		at com.kms.katalon.core.keyword.internal.KeywordMain.runKeyword(KeywordMain.groovy:68)
		at com.kms.katalon.core.keyword.internal.KeywordMain$runKeyword.call(Unknown Source)
		at com.kazurayam.junit4ks.JUnitCustomKeywords.runWithJUnitRunner(JUnitCustomKeywords.groovy:134)
		at com.kazurayam.junit4ks.JUnitCustomKeywords$runWithJUnitRunner$0.callStatic(Unknown Source)
		at com.kazurayam.junit4ks.JUnitCustomKeywords.runWithJUnitRunner(JUnitCustomKeywords.groovy:215)
		at com.kazurayam.junit4ks.JUnitCustomKeywords$runWithJUnitRunner.callStatic(Unknown Source)
		at AssociatorTestRunner.run(AssociatorTestRunner:4)
		at com.kms.katalon.core.main.ScriptEngine.run(ScriptEngine.java:194)
		at com.kms.katalon.core.main.ScriptEngine.runScriptAsRawText(ScriptEngine.java:119)
		at com.kms.katalon.core.main.TestCaseExecutor.runScript(TestCaseExecutor.java:398)
		at com.kms.katalon.core.main.TestCaseExecutor.doExecute(TestCaseExecutor.java:389)
		at com.kms.katalon.core.main.TestCaseExecutor.processExecutionPhase(TestCaseExecutor.java:368)
		at com.kms.katalon.core.main.TestCaseExecutor.accessMainPhase(TestCaseExecutor.java:360)
		at com.kms.katalon.core.main.TestCaseExecutor.execute(TestCaseExecutor.java:255)
		at com.kms.katalon.core.main.TestSuiteExecutor.accessTestCaseMainPhase(TestSuiteExecutor.java:203)
		at com.kms.katalon.core.main.TestSuiteExecutor.accessTestSuiteMainPhase(TestSuiteExecutor.java:152)
		at com.kms.katalon.core.main.TestSuiteExecutor.execute(TestSuiteExecutor.java:95)
		at com.kms.katalon.core.main.TestCaseMain.startTestSuite(TestCaseMain.java:157)
		at com.kms.katalon.core.main.TestCaseMain$startTestSuite$0.call(Unknown Source)
		at TempTestSuite1620484379933.run(TempTestSuite1620484379933.groovy:39)
	]
	at com.kms.katalon.core.keyword.internal.KeywordMain.stepFailed(KeywordMain.groovy:50)
	at com.kms.katalon.core.keyword.internal.KeywordMain.stepFailed(KeywordMain.groovy)
	at com.kms.katalon.core.keyword.internal.KeywordMain.stepFailed(KeywordMain.groovy:23)
	at com.kms.katalon.core.keyword.internal.KeywordMain$stepFailed$0.call(Unknown Source)
	at com.kazurayam.junit4ks.JUnitCustomKeywords$_runWithJUnitRunner_closure1.doCall(JUnitCustomKeywords.groovy:150)
	at com.kazurayam.junit4ks.JUnitCustomKeywords$_runWithJUnitRunner_closure1.doCall(JUnitCustomKeywords.groovy)
	at com.kms.katalon.core.keyword.internal.KeywordMain.runKeyword(KeywordMain.groovy:68)
	at com.kms.katalon.core.keyword.internal.KeywordMain$runKeyword.call(Unknown Source)
	at com.kazurayam.junit4ks.JUnitCustomKeywords.runWithJUnitRunner(JUnitCustomKeywords.groovy:134)
	at com.kazurayam.junit4ks.JUnitCustomKeywords$runWithJUnitRunner$0.callStatic(Unknown Source)
	at com.kazurayam.junit4ks.JUnitCustomKeywords.runWithJUnitRunner(JUnitCustomKeywords.groovy:215)
	at com.kazurayam.junit4ks.JUnitCustomKeywords$runWithJUnitRunner.callStatic(Unknown Source)
	at AssociatorTestRunner.run(AssociatorTestRunner:4)
	at com.kms.katalon.core.main.ScriptEngine.run(ScriptEngine.java:194)
	at com.kms.katalon.core.main.ScriptEngine.runScriptAsRawText(ScriptEngine.java:119)
	at com.kms.katalon.core.main.TestCaseExecutor.runScript(TestCaseExecutor.java:398)
	at com.kms.katalon.core.main.TestCaseExecutor.doExecute(TestCaseExecutor.java:389)
	at com.kms.katalon.core.main.TestCaseExecutor.processExecutionPhase(TestCaseExecutor.java:368)
	at com.kms.katalon.core.main.TestCaseExecutor.accessMainPhase(TestCaseExecutor.java:360)
	at com.kms.katalon.core.main.TestCaseExecutor.execute(TestCaseExecutor.java:255)
	at com.kms.katalon.core.main.TestSuiteExecutor.accessTestCaseMainPhase(TestSuiteExecutor.java:203)
	at com.kms.katalon.core.main.TestSuiteExecutor.accessTestSuiteMainPhase(TestSuiteExecutor.java:152)
	at com.kms.katalon.core.main.TestSuiteExecutor.execute(TestSuiteExecutor.java:95)
	at com.kms.katalon.core.main.TestCaseMain.startTestSuite(TestCaseMain.java:157)
	at com.kms.katalon.core.main.TestCaseMain$startTestSuite$0.call(Unknown Source)
	at TempTestSuite1620484379933.run(TempTestSuite1620484379933.groovy:39)


2021-05-08 23:33:09 - [TEST_STEP][PASSED] - Start listener action : beforeTestCase: null

2021-05-08 23:33:09 - [TEST_STEP][PASSED] - associator.beforeTestCase(testCaseContext): null

2021-05-08 23:33:10 - [TEST_STEP][FAILED] - JUnitCustomKeywords.runWithJUnitRunner(com.kazurayam.ks.testobject.AssociatorTest): Keyword runWithJUnitRunner failed (Root cause: com.kms.katalon.core.exception.StepFailedException: These following reason:
 [
	java.lang.AssertionError: callees: [test_modifyTestObject]
		at org.junit.Assert.fail(Assert.java:89)
		at org.junit.Assert.assertTrue(Assert.java:42)
		at com.kazurayam.ks.testobject.AssociatorTest.test_TestObjectInObjectRepository(AssociatorTest.groovy:37)
		at org.junit.runners.model.FrameworkMethod$1.runReflectiveCall(FrameworkMethod.java:59)
		at org.junit.internal.runners.model.ReflectiveCallable.run(ReflectiveCallable.java:12)
		at org.junit.runners.model.FrameworkMethod.invokeExplosively(FrameworkMethod.java:56)
		at org.junit.internal.runners.statements.InvokeMethod.evaluate(InvokeMethod.java:17)
		at org.junit.internal.runners.statements.RunBefores.evaluate(RunBefores.java:26)
		at org.junit.runners.ParentRunner$3.evaluate(ParentRunner.java:306)
		at org.junit.runners.BlockJUnit4ClassRunner$1.evaluate(BlockJUnit4ClassRunner.java:100)
		at org.junit.runners.ParentRunner.runLeaf(ParentRunner.java:366)
		at org.junit.runners.BlockJUnit4ClassRunner.runChild(BlockJUnit4ClassRunner.java:103)
		at org.junit.runners.BlockJUnit4ClassRunner.runChild(BlockJUnit4ClassRunner.java:63)
		at org.junit.runners.ParentRunner$4.run(ParentRunner.java:331)
		at org.junit.runners.ParentRunner$1.schedule(ParentRunner.java:79)
		at org.junit.runners.ParentRunner.runChildren(ParentRunner.java:329)
		at org.junit.runners.ParentRunner.access$100(ParentRunner.java:66)
		at org.junit.runners.ParentRunner$2.evaluate(ParentRunner.java:293)
		at org.junit.runners.ParentRunner$3.evaluate(ParentRunner.java:306)
		at org.junit.runners.ParentRunner.run(ParentRunner.java:413)
		at org.junit.runners.Suite.runChild(Suite.java:128)
		at org.junit.runners.Suite.runChild(Suite.java:27)
		at org.junit.runners.ParentRunner$4.run(ParentRunner.java:331)
		at org.junit.runners.ParentRunner$1.schedule(ParentRunner.java:79)
		at org.junit.runners.ParentRunner.runChildren(ParentRunner.java:329)
		at org.junit.runners.ParentRunner.access$100(ParentRunner.java:66)
		at org.junit.runners.ParentRunner$2.evaluate(ParentRunner.java:293)
		at org.junit.runners.ParentRunner$3.evaluate(ParentRunner.java:306)
		at org.junit.runners.ParentRunner.run(ParentRunner.java:413)
		at org.junit.runner.JUnitCore.run(JUnitCore.java:137)
		at org.junit.runner.JUnitCore.run(JUnitCore.java:115)
		at org.junit.runner.JUnitCore.run(JUnitCore.java:105)
		at com.kazurayam.junit4ks.JUnitCustomKeywords$_runWithJUnitRunner_closure1.doCall(JUnitCustomKeywords.groovy:138)
		at com.kazurayam.junit4ks.JUnitCustomKeywords$_runWithJUnitRunner_closure1.doCall(JUnitCustomKeywords.groovy)
		at com.kms.katalon.core.keyword.internal.KeywordMain.runKeyword(KeywordMain.groovy:68)
		at com.kms.katalon.core.keyword.internal.KeywordMain$runKeyword.call(Unknown Source)
		at com.kazurayam.junit4ks.JUnitCustomKeywords.runWithJUnitRunner(JUnitCustomKeywords.groovy:134)
		at com.kazurayam.junit4ks.JUnitCustomKeywords$runWithJUnitRunner$0.callStatic(Unknown Source)
		at com.kazurayam.junit4ks.JUnitCustomKeywords.runWithJUnitRunner(JUnitCustomKeywords.groovy:215)
		at com.kazurayam.junit4ks.JUnitCustomKeywords$runWithJUnitRunner.callStatic(Unknown Source)
		at AssociatorTestRunner.run(AssociatorTestRunner:4)
		at com.kms.katalon.core.main.ScriptEngine.run(ScriptEngine.java:194)
		at com.kms.katalon.core.main.ScriptEngine.runScriptAsRawText(ScriptEngine.java:119)
		at com.kms.katalon.core.main.TestCaseExecutor.runScript(TestCaseExecutor.java:398)
		at com.kms.katalon.core.main.TestCaseExecutor.doExecute(TestCaseExecutor.java:389)
		at com.kms.katalon.core.main.TestCaseExecutor.processExecutionPhase(TestCaseExecutor.java:368)
		at com.kms.katalon.core.main.TestCaseExecutor.accessMainPhase(TestCaseExecutor.java:360)
		at com.kms.katalon.core.main.TestCaseExecutor.execute(TestCaseExecutor.java:255)
		at com.kms.katalon.core.main.TestSuiteExecutor.accessTestCaseMainPhase(TestSuiteExecutor.java:203)
		at com.kms.katalon.core.main.TestSuiteExecutor.accessTestSuiteMainPhase(TestSuiteExecutor.java:152)
		at com.kms.katalon.core.main.TestSuiteExecutor.execute(TestSuiteExecutor.java:95)
		at com.kms.katalon.core.main.TestCaseMain.startTestSuite(TestCaseMain.java:157)
		at com.kms.katalon.core.main.TestCaseMain$startTestSuite$0.call(Unknown Source)
		at TempTestSuite1620484379933.run(TempTestSuite1620484379933.groovy:39)
	]
	at com.kms.katalon.core.keyword.internal.KeywordMain.stepFailed(KeywordMain.groovy:50)
	at com.kms.katalon.core.keyword.internal.KeywordMain.stepFailed(KeywordMain.groovy)
	at com.kms.katalon.core.keyword.internal.KeywordMain.stepFailed(KeywordMain.groovy:23)
	at com.kms.katalon.core.keyword.internal.KeywordMain$stepFailed$0.call(Unknown Source)
	at com.kazurayam.junit4ks.JUnitCustomKeywords$_runWithJUnitRunner_closure1.doCall(JUnitCustomKeywords.groovy:150)
	at com.kazurayam.junit4ks.JUnitCustomKeywords$_runWithJUnitRunner_closure1.doCall(JUnitCustomKeywords.groovy)
	at com.kms.katalon.core.keyword.internal.KeywordMain.runKeyword(KeywordMain.groovy:68)
	at com.kms.katalon.core.keyword.internal.KeywordMain$runKeyword.call(Unknown Source)
	at com.kazurayam.junit4ks.JUnitCustomKeywords.runWithJUnitRunner(JUnitCustomKeywords.groovy:134)
	at com.kazurayam.junit4ks.JUnitCustomKeywords$runWithJUnitRunner$0.callStatic(Unknown Source)
	at com.kazurayam.junit4ks.JUnitCustomKeywords.runWithJUnitRunner(JUnitCustomKeywords.groovy:215)
	at com.kazurayam.junit4ks.JUnitCustomKeywords$runWithJUnitRunner.callStatic(Unknown Source)
	at AssociatorTestRunner.run(AssociatorTestRunner:4)
	at com.kms.katalon.core.main.ScriptEngine.run(ScriptEngine.java:194)
	at com.kms.katalon.core.main.ScriptEngine.runScriptAsRawText(ScriptEngine.java:119)
	at com.kms.katalon.core.main.TestCaseExecutor.runScript(TestCaseExecutor.java:398)
	at com.kms.katalon.core.main.TestCaseExecutor.doExecute(TestCaseExecutor.java:389)
	at com.kms.katalon.core.main.TestCaseExecutor.processExecutionPhase(TestCaseExecutor.java:368)
	at com.kms.katalon.core.main.TestCaseExecutor.accessMainPhase(TestCaseExecutor.java:360)
	at com.kms.katalon.core.main.TestCaseExecutor.execute(TestCaseExecutor.java:255)
	at com.kms.katalon.core.main.TestSuiteExecutor.accessTestCaseMainPhase(TestSuiteExecutor.java:203)
	at com.kms.katalon.core.main.TestSuiteExecutor.accessTestSuiteMainPhase(TestSuiteExecutor.java:152)
	at com.kms.katalon.core.main.TestSuiteExecutor.execute(TestSuiteExecutor.java:95)
	at com.kms.katalon.core.main.TestCaseMain.startTestSuite(TestCaseMain.java:157)
	at com.kms.katalon.core.main.TestCaseMain$startTestSuite$0.call(Unknown Source)
	at TempTestSuite1620484379933.run(TempTestSuite1620484379933.groovy:39)
)

2021-05-08 23:33:10 - [TEST_CASE][PASSED] - Start Test Case : test_modifyTestObject(com.kazurayam.ks.testobject.AssociatorTest): test_modifyTestObject(com.kazurayam.ks.testobject.AssociatorTest)

2021-05-08 23:33:10 - [TEST_CASE][FAILED] - Start Test Case : test_TestObjectInObjectRepository(com.kazurayam.ks.testobject.AssociatorTest): test_TestObjectInObjectRepository(com.kazurayam.ks.testobject.AssociatorTest) FAILED.
Reason:
java.lang.AssertionError: callees: [test_modifyTestObject]
	at org.junit.Assert.fail(Assert.java:89)
	at org.junit.Assert.assertTrue(Assert.java:42)
	at com.kazurayam.ks.testobject.AssociatorTest.test_TestObjectInObjectRepository(AssociatorTest.groovy:37)
	at org.junit.runners.model.FrameworkMethod$1.runReflectiveCall(FrameworkMethod.java:59)
	at org.junit.internal.runners.model.ReflectiveCallable.run(ReflectiveCallable.java:12)
	at org.junit.runners.model.FrameworkMethod.invokeExplosively(FrameworkMethod.java:56)
	at org.junit.internal.runners.statements.InvokeMethod.evaluate(InvokeMethod.java:17)
	at org.junit.internal.runners.statements.RunBefores.evaluate(RunBefores.java:26)
	at org.junit.runners.ParentRunner$3.evaluate(ParentRunner.java:306)
	at org.junit.runners.BlockJUnit4ClassRunner$1.evaluate(BlockJUnit4ClassRunner.java:100)
	at org.junit.runners.ParentRunner.runLeaf(ParentRunner.java:366)
	at org.junit.runners.BlockJUnit4ClassRunner.runChild(BlockJUnit4ClassRunner.java:103)
	at org.junit.runners.BlockJUnit4ClassRunner.runChild(BlockJUnit4ClassRunner.java:63)
	at org.junit.runners.ParentRunner$4.run(ParentRunner.java:331)
	at org.junit.runners.ParentRunner$1.schedule(ParentRunner.java:79)
	at org.junit.runners.ParentRunner.runChildren(ParentRunner.java:329)
	at org.junit.runners.ParentRunner.access$100(ParentRunner.java:66)
	at org.junit.runners.ParentRunner$2.evaluate(ParentRunner.java:293)
	at org.junit.runners.ParentRunner$3.evaluate(ParentRunner.java:306)
	at org.junit.runners.ParentRunner.run(ParentRunner.java:413)
	at org.junit.runners.Suite.runChild(Suite.java:128)
	at org.junit.runners.Suite.runChild(Suite.java:27)
	at org.junit.runners.ParentRunner$4.run(ParentRunner.java:331)
	at org.junit.runners.ParentRunner$1.schedule(ParentRunner.java:79)
	at org.junit.runners.ParentRunner.runChildren(ParentRunner.java:329)
	at org.junit.runners.ParentRunner.access$100(ParentRunner.java:66)
	at org.junit.runners.ParentRunner$2.evaluate(ParentRunner.java:293)
	at org.junit.runners.ParentRunner$3.evaluate(ParentRunner.java:306)
	at org.junit.runners.ParentRunner.run(ParentRunner.java:413)
	at org.junit.runner.JUnitCore.run(JUnitCore.java:137)
	at org.junit.runner.JUnitCore.run(JUnitCore.java:115)
	at org.junit.runner.JUnitCore.run(JUnitCore.java:105)
	at com.kazurayam.junit4ks.JUnitCustomKeywords$_runWithJUnitRunner_closure1.doCall(JUnitCustomKeywords.groovy:138)
	at com.kazurayam.junit4ks.JUnitCustomKeywords$_runWithJUnitRunner_closure1.doCall(JUnitCustomKeywords.groovy)
	at com.kms.katalon.core.keyword.internal.KeywordMain.runKeyword(KeywordMain.groovy:68)
	at com.kms.katalon.core.keyword.internal.KeywordMain$runKeyword.call(Unknown Source)
	at com.kazurayam.junit4ks.JUnitCustomKeywords.runWithJUnitRunner(JUnitCustomKeywords.groovy:134)
	at com.kazurayam.junit4ks.JUnitCustomKeywords$runWithJUnitRunner$0.callStatic(Unknown Source)
	at com.kazurayam.junit4ks.JUnitCustomKeywords.runWithJUnitRunner(JUnitCustomKeywords.groovy:215)
	at com.kazurayam.junit4ks.JUnitCustomKeywords$runWithJUnitRunner.callStatic(Unknown Source)
	at AssociatorTestRunner.run(AssociatorTestRunner:4)
	at com.kms.katalon.core.main.ScriptEngine.run(ScriptEngine.java:194)
	at com.kms.katalon.core.main.ScriptEngine.runScriptAsRawText(ScriptEngine.java:119)
	at com.kms.katalon.core.main.TestCaseExecutor.runScript(TestCaseExecutor.java:398)
	at com.kms.katalon.core.main.TestCaseExecutor.doExecute(TestCaseExecutor.java:389)
	at com.kms.katalon.core.main.TestCaseExecutor.processExecutionPhase(TestCaseExecutor.java:368)
	at com.kms.katalon.core.main.TestCaseExecutor.accessMainPhase(TestCaseExecutor.java:360)
	at com.kms.katalon.core.main.TestCaseExecutor.execute(TestCaseExecutor.java:255)
	at com.kms.katalon.core.main.TestSuiteExecutor.accessTestCaseMainPhase(TestSuiteExecutor.java:203)
	at com.kms.katalon.core.main.TestSuiteExecutor.accessTestSuiteMainPhase(TestSuiteExecutor.java:152)
	at com.kms.katalon.core.main.TestSuiteExecutor.execute(TestSuiteExecutor.java:95)
	at com.kms.katalon.core.main.TestCaseMain.startTestSuite(TestCaseMain.java:157)
	at com.kms.katalon.core.main.TestCaseMain$startTestSuite$0.call(Unknown Source)
	at TempTestSuite1620484379933.run(TempTestSuite1620484379933.groovy:39)


2021-05-08 23:33:10 - [MESSAGE][FAILED] - These following reason:
 [
	java.lang.AssertionError: callees: [test_modifyTestObject]
		at org.junit.Assert.fail(Assert.java:89)
		at org.junit.Assert.assertTrue(Assert.java:42)
		at com.kazurayam.ks.testobject.AssociatorTest.test_TestObjectInObjectRepository(AssociatorTest.groovy:37)
		at org.junit.runners.model.FrameworkMethod$1.runReflectiveCall(FrameworkMethod.java:59)
		at org.junit.internal.runners.model.ReflectiveCallable.run(ReflectiveCallable.java:12)
		at org.junit.runners.model.FrameworkMethod.invokeExplosively(FrameworkMethod.java:56)
		at org.junit.internal.runners.statements.InvokeMethod.evaluate(InvokeMethod.java:17)
		at org.junit.internal.runners.statements.RunBefores.evaluate(RunBefores.java:26)
		at org.junit.runners.ParentRunner$3.evaluate(ParentRunner.java:306)
		at org.junit.runners.BlockJUnit4ClassRunner$1.evaluate(BlockJUnit4ClassRunner.java:100)
		at org.junit.runners.ParentRunner.runLeaf(ParentRunner.java:366)
		at org.junit.runners.BlockJUnit4ClassRunner.runChild(BlockJUnit4ClassRunner.java:103)
		at org.junit.runners.BlockJUnit4ClassRunner.runChild(BlockJUnit4ClassRunner.java:63)
		at org.junit.runners.ParentRunner$4.run(ParentRunner.java:331)
		at org.junit.runners.ParentRunner$1.schedule(ParentRunner.java:79)
		at org.junit.runners.ParentRunner.runChildren(ParentRunner.java:329)
		at org.junit.runners.ParentRunner.access$100(ParentRunner.java:66)
		at org.junit.runners.ParentRunner$2.evaluate(ParentRunner.java:293)
		at org.junit.runners.ParentRunner$3.evaluate(ParentRunner.java:306)
		at org.junit.runners.ParentRunner.run(ParentRunner.java:413)
		at org.junit.runners.Suite.runChild(Suite.java:128)
		at org.junit.runners.Suite.runChild(Suite.java:27)
		at org.junit.runners.ParentRunner$4.run(ParentRunner.java:331)
		at org.junit.runners.ParentRunner$1.schedule(ParentRunner.java:79)
		at org.junit.runners.ParentRunner.runChildren(ParentRunner.java:329)
		at org.junit.runners.ParentRunner.access$100(ParentRunner.java:66)
		at org.junit.runners.ParentRunner$2.evaluate(ParentRunner.java:293)
		at org.junit.runners.ParentRunner$3.evaluate(ParentRunner.java:306)
		at org.junit.runners.ParentRunner.run(ParentRunner.java:413)
		at org.junit.runner.JUnitCore.run(JUnitCore.java:137)
		at org.junit.runner.JUnitCore.run(JUnitCore.java:115)
		at org.junit.runner.JUnitCore.run(JUnitCore.java:105)
		at com.kazurayam.junit4ks.JUnitCustomKeywords$_runWithJUnitRunner_closure1.doCall(JUnitCustomKeywords.groovy:138)
		at com.kazurayam.junit4ks.JUnitCustomKeywords$_runWithJUnitRunner_closure1.doCall(JUnitCustomKeywords.groovy)
		at com.kms.katalon.core.keyword.internal.KeywordMain.runKeyword(KeywordMain.groovy:68)
		at com.kms.katalon.core.keyword.internal.KeywordMain$runKeyword.call(Unknown Source)
		at com.kazurayam.junit4ks.JUnitCustomKeywords.runWithJUnitRunner(JUnitCustomKeywords.groovy:134)
		at com.kazurayam.junit4ks.JUnitCustomKeywords$runWithJUnitRunner$0.callStatic(Unknown Source)
		at com.kazurayam.junit4ks.JUnitCustomKeywords.runWithJUnitRunner(JUnitCustomKeywords.groovy:215)
		at com.kazurayam.junit4ks.JUnitCustomKeywords$runWithJUnitRunner.callStatic(Unknown Source)
		at AssociatorTestRunner.run(AssociatorTestRunner:4)
		at com.kms.katalon.core.main.ScriptEngine.run(ScriptEngine.java:194)
		at com.kms.katalon.core.main.ScriptEngine.runScriptAsRawText(ScriptEngine.java:119)
		at com.kms.katalon.core.main.TestCaseExecutor.runScript(TestCaseExecutor.java:398)
		at com.kms.katalon.core.main.TestCaseExecutor.doExecute(TestCaseExecutor.java:389)
		at com.kms.katalon.core.main.TestCaseExecutor.processExecutionPhase(TestCaseExecutor.java:368)
		at com.kms.katalon.core.main.TestCaseExecutor.accessMainPhase(TestCaseExecutor.java:360)
		at com.kms.katalon.core.main.TestCaseExecutor.execute(TestCaseExecutor.java:255)
		at com.kms.katalon.core.main.TestSuiteExecutor.accessTestCaseMainPhase(TestSuiteExecutor.java:203)
		at com.kms.katalon.core.main.TestSuiteExecutor.accessTestSuiteMainPhase(TestSuiteExecutor.java:152)
		at com.kms.katalon.core.main.TestSuiteExecutor.execute(TestSuiteExecutor.java:95)
		at com.kms.katalon.core.main.TestCaseMain.startTestSuite(TestCaseMain.java:157)
		at com.kms.katalon.core.main.TestCaseMain$startTestSuite$0.call(Unknown Source)
		at TempTestSuite1620484379933.run(TempTestSuite1620484379933.groovy:39)
	]

2021-05-08 23:33:10 - [MESSAGE][FAILED] - Keyword runWithJUnitRunner failed (Root cause: com.kms.katalon.core.exception.StepFailedException: These following reason:
 [
	java.lang.AssertionError: callees: [test_modifyTestObject]
		at org.junit.Assert.fail(Assert.java:89)
		at org.junit.Assert.assertTrue(Assert.java:42)
		at com.kazurayam.ks.testobject.AssociatorTest.test_TestObjectInObjectRepository(AssociatorTest.groovy:37)
		at org.junit.runners.model.FrameworkMethod$1.runReflectiveCall(FrameworkMethod.java:59)
		at org.junit.internal.runners.model.ReflectiveCallable.run(ReflectiveCallable.java:12)
		at org.junit.runners.model.FrameworkMethod.invokeExplosively(FrameworkMethod.java:56)
		at org.junit.internal.runners.statements.InvokeMethod.evaluate(InvokeMethod.java:17)
		at org.junit.internal.runners.statements.RunBefores.evaluate(RunBefores.java:26)
		at org.junit.runners.ParentRunner$3.evaluate(ParentRunner.java:306)
		at org.junit.runners.BlockJUnit4ClassRunner$1.evaluate(BlockJUnit4ClassRunner.java:100)
		at org.junit.runners.ParentRunner.runLeaf(ParentRunner.java:366)
		at org.junit.runners.BlockJUnit4ClassRunner.runChild(BlockJUnit4ClassRunner.java:103)
		at org.junit.runners.BlockJUnit4ClassRunner.runChild(BlockJUnit4ClassRunner.java:63)
		at org.junit.runners.ParentRunner$4.run(ParentRunner.java:331)
		at org.junit.runners.ParentRunner$1.schedule(ParentRunner.java:79)
		at org.junit.runners.ParentRunner.runChildren(ParentRunner.java:329)
		at org.junit.runners.ParentRunner.access$100(ParentRunner.java:66)
		at org.junit.runners.ParentRunner$2.evaluate(ParentRunner.java:293)
		at org.junit.runners.ParentRunner$3.evaluate(ParentRunner.java:306)
		at org.junit.runners.ParentRunner.run(ParentRunner.java:413)
		at org.junit.runners.Suite.runChild(Suite.java:128)
		at org.junit.runners.Suite.runChild(Suite.java:27)
		at org.junit.runners.ParentRunner$4.run(ParentRunner.java:331)
		at org.junit.runners.ParentRunner$1.schedule(ParentRunner.java:79)
		at org.junit.runners.ParentRunner.runChildren(ParentRunner.java:329)
		at org.junit.runners.ParentRunner.access$100(ParentRunner.java:66)
		at org.junit.runners.ParentRunner$2.evaluate(ParentRunner.java:293)
		at org.junit.runners.ParentRunner$3.evaluate(ParentRunner.java:306)
		at org.junit.runners.ParentRunner.run(ParentRunner.java:413)
		at org.junit.runner.JUnitCore.run(JUnitCore.java:137)
		at org.junit.runner.JUnitCore.run(JUnitCore.java:115)
		at org.junit.runner.JUnitCore.run(JUnitCore.java:105)
		at com.kazurayam.junit4ks.JUnitCustomKeywords$_runWithJUnitRunner_closure1.doCall(JUnitCustomKeywords.groovy:138)
		at com.kazurayam.junit4ks.JUnitCustomKeywords$_runWithJUnitRunner_closure1.doCall(JUnitCustomKeywords.groovy)
		at com.kms.katalon.core.keyword.internal.KeywordMain.runKeyword(KeywordMain.groovy:68)
		at com.kms.katalon.core.keyword.internal.KeywordMain$runKeyword.call(Unknown Source)
		at com.kazurayam.junit4ks.JUnitCustomKeywords.runWithJUnitRunner(JUnitCustomKeywords.groovy:134)
		at com.kazurayam.junit4ks.JUnitCustomKeywords$runWithJUnitRunner$0.callStatic(Unknown Source)
		at com.kazurayam.junit4ks.JUnitCustomKeywords.runWithJUnitRunner(JUnitCustomKeywords.groovy:215)
		at com.kazurayam.junit4ks.JUnitCustomKeywords$runWithJUnitRunner.callStatic(Unknown Source)
		at AssociatorTestRunner.run(AssociatorTestRunner:4)
		at com.kms.katalon.core.main.ScriptEngine.run(ScriptEngine.java:194)
		at com.kms.katalon.core.main.ScriptEngine.runScriptAsRawText(ScriptEngine.java:119)
		at com.kms.katalon.core.main.TestCaseExecutor.runScript(TestCaseExecutor.java:398)
		at com.kms.katalon.core.main.TestCaseExecutor.doExecute(TestCaseExecutor.java:389)
		at com.kms.katalon.core.main.TestCaseExecutor.processExecutionPhase(TestCaseExecutor.java:368)
		at com.kms.katalon.core.main.TestCaseExecutor.accessMainPhase(TestCaseExecutor.java:360)
		at com.kms.katalon.core.main.TestCaseExecutor.execute(TestCaseExecutor.java:255)
		at com.kms.katalon.core.main.TestSuiteExecutor.accessTestCaseMainPhase(TestSuiteExecutor.java:203)
		at com.kms.katalon.core.main.TestSuiteExecutor.accessTestSuiteMainPhase(TestSuiteExecutor.java:152)
		at com.kms.katalon.core.main.TestSuiteExecutor.execute(TestSuiteExecutor.java:95)
		at com.kms.katalon.core.main.TestCaseMain.startTestSuite(TestCaseMain.java:157)
		at com.kms.katalon.core.main.TestCaseMain$startTestSuite$0.call(Unknown Source)
		at TempTestSuite1620484379933.run(TempTestSuite1620484379933.groovy:39)
	]
	at com.kms.katalon.core.keyword.internal.KeywordMain.stepFailed(KeywordMain.groovy:50)
	at com.kms.katalon.core.keyword.internal.KeywordMain.stepFailed(KeywordMain.groovy)
	at com.kms.katalon.core.keyword.internal.KeywordMain.stepFailed(KeywordMain.groovy:23)
	at com.kms.katalon.core.keyword.internal.KeywordMain$stepFailed$0.call(Unknown Source)
	at com.kazurayam.junit4ks.JUnitCustomKeywords$_runWithJUnitRunner_closure1.doCall(JUnitCustomKeywords.groovy:150)
	at com.kazurayam.junit4ks.JUnitCustomKeywords$_runWithJUnitRunner_closure1.doCall(JUnitCustomKeywords.groovy)
	at com.kms.katalon.core.keyword.internal.KeywordMain.runKeyword(KeywordMain.groovy:68)
	at com.kms.katalon.core.keyword.internal.KeywordMain$runKeyword.call(Unknown Source)
	at com.kazurayam.junit4ks.JUnitCustomKeywords.runWithJUnitRunner(JUnitCustomKeywords.groovy:134)
	at com.kazurayam.junit4ks.JUnitCustomKeywords$runWithJUnitRunner$0.callStatic(Unknown Source)
	at com.kazurayam.junit4ks.JUnitCustomKeywords.runWithJUnitRunner(JUnitCustomKeywords.groovy:215)
	at com.kazurayam.junit4ks.JUnitCustomKeywords$runWithJUnitRunner.callStatic(Unknown Source)
	at AssociatorTestRunner.run(AssociatorTestRunner:4)
	at com.kms.katalon.core.main.ScriptEngine.run(ScriptEngine.java:194)
	at com.kms.katalon.core.main.ScriptEngine.runScriptAsRawText(ScriptEngine.java:119)
	at com.kms.katalon.core.main.TestCaseExecutor.runScript(TestCaseExecutor.java:398)
	at com.kms.katalon.core.main.TestCaseExecutor.doExecute(TestCaseExecutor.java:389)
	at com.kms.katalon.core.main.TestCaseExecutor.processExecutionPhase(TestCaseExecutor.java:368)
	at com.kms.katalon.core.main.TestCaseExecutor.accessMainPhase(TestCaseExecutor.java:360)
	at com.kms.katalon.core.main.TestCaseExecutor.execute(TestCaseExecutor.java:255)
	at com.kms.katalon.core.main.TestSuiteExecutor.accessTestCaseMainPhase(TestSuiteExecutor.java:203)
	at com.kms.katalon.core.main.TestSuiteExecutor.accessTestSuiteMainPhase(TestSuiteExecutor.java:152)
	at com.kms.katalon.core.main.TestSuiteExecutor.execute(TestSuiteExecutor.java:95)
	at com.kms.katalon.core.main.TestCaseMain.startTestSuite(TestCaseMain.java:157)
	at com.kms.katalon.core.main.TestCaseMain$startTestSuite$0.call(Unknown Source)
	at TempTestSuite1620484379933.run(TempTestSuite1620484379933.groovy:39)
)]]></system-out>
         <system-err><![CDATA[2021-05-08 23:33:09 - [TEST_CASE][FAILED] - Test Cases/junittest/AssociatorTestRunner: Test Cases/junittest/AssociatorTestRunner FAILED.
Reason:
com.kms.katalon.core.exception.StepFailedException: These following reason:
 [
	java.lang.AssertionError: callees: [test_modifyTestObject]
		at org.junit.Assert.fail(Assert.java:89)
		at org.junit.Assert.assertTrue(Assert.java:42)
		at com.kazurayam.ks.testobject.AssociatorTest.test_TestObjectInObjectRepository(AssociatorTest.groovy:37)
		at org.junit.runners.model.FrameworkMethod$1.runReflectiveCall(FrameworkMethod.java:59)
		at org.junit.internal.runners.model.ReflectiveCallable.run(ReflectiveCallable.java:12)
		at org.junit.runners.model.FrameworkMethod.invokeExplosively(FrameworkMethod.java:56)
		at org.junit.internal.runners.statements.InvokeMethod.evaluate(InvokeMethod.java:17)
		at org.junit.internal.runners.statements.RunBefores.evaluate(RunBefores.java:26)
		at org.junit.runners.ParentRunner$3.evaluate(ParentRunner.java:306)
		at org.junit.runners.BlockJUnit4ClassRunner$1.evaluate(BlockJUnit4ClassRunner.java:100)
		at org.junit.runners.ParentRunner.runLeaf(ParentRunner.java:366)
		at org.junit.runners.BlockJUnit4ClassRunner.runChild(BlockJUnit4ClassRunner.java:103)
		at org.junit.runners.BlockJUnit4ClassRunner.runChild(BlockJUnit4ClassRunner.java:63)
		at org.junit.runners.ParentRunner$4.run(ParentRunner.java:331)
		at org.junit.runners.ParentRunner$1.schedule(ParentRunner.java:79)
		at org.junit.runners.ParentRunner.runChildren(ParentRunner.java:329)
		at org.junit.runners.ParentRunner.access$100(ParentRunner.java:66)
		at org.junit.runners.ParentRunner$2.evaluate(ParentRunner.java:293)
		at org.junit.runners.ParentRunner$3.evaluate(ParentRunner.java:306)
		at org.junit.runners.ParentRunner.run(ParentRunner.java:413)
		at org.junit.runners.Suite.runChild(Suite.java:128)
		at org.junit.runners.Suite.runChild(Suite.java:27)
		at org.junit.runners.ParentRunner$4.run(ParentRunner.java:331)
		at org.junit.runners.ParentRunner$1.schedule(ParentRunner.java:79)
		at org.junit.runners.ParentRunner.runChildren(ParentRunner.java:329)
		at org.junit.runners.ParentRunner.access$100(ParentRunner.java:66)
		at org.junit.runners.ParentRunner$2.evaluate(ParentRunner.java:293)
		at org.junit.runners.ParentRunner$3.evaluate(ParentRunner.java:306)
		at org.junit.runners.ParentRunner.run(ParentRunner.java:413)
		at org.junit.runner.JUnitCore.run(JUnitCore.java:137)
		at org.junit.runner.JUnitCore.run(JUnitCore.java:115)
		at org.junit.runner.JUnitCore.run(JUnitCore.java:105)
		at com.kazurayam.junit4ks.JUnitCustomKeywords$_runWithJUnitRunner_closure1.doCall(JUnitCustomKeywords.groovy:138)
		at com.kazurayam.junit4ks.JUnitCustomKeywords$_runWithJUnitRunner_closure1.doCall(JUnitCustomKeywords.groovy)
		at com.kms.katalon.core.keyword.internal.KeywordMain.runKeyword(KeywordMain.groovy:68)
		at com.kms.katalon.core.keyword.internal.KeywordMain$runKeyword.call(Unknown Source)
		at com.kazurayam.junit4ks.JUnitCustomKeywords.runWithJUnitRunner(JUnitCustomKeywords.groovy:134)
		at com.kazurayam.junit4ks.JUnitCustomKeywords$runWithJUnitRunner$0.callStatic(Unknown Source)
		at com.kazurayam.junit4ks.JUnitCustomKeywords.runWithJUnitRunner(JUnitCustomKeywords.groovy:215)
		at com.kazurayam.junit4ks.JUnitCustomKeywords$runWithJUnitRunner.callStatic(Unknown Source)
		at AssociatorTestRunner.run(AssociatorTestRunner:4)
		at com.kms.katalon.core.main.ScriptEngine.run(ScriptEngine.java:194)
		at com.kms.katalon.core.main.ScriptEngine.runScriptAsRawText(ScriptEngine.java:119)
		at com.kms.katalon.core.main.TestCaseExecutor.runScript(TestCaseExecutor.java:398)
		at com.kms.katalon.core.main.TestCaseExecutor.doExecute(TestCaseExecutor.java:389)
		at com.kms.katalon.core.main.TestCaseExecutor.processExecutionPhase(TestCaseExecutor.java:368)
		at com.kms.katalon.core.main.TestCaseExecutor.accessMainPhase(TestCaseExecutor.java:360)
		at com.kms.katalon.core.main.TestCaseExecutor.execute(TestCaseExecutor.java:255)
		at com.kms.katalon.core.main.TestSuiteExecutor.accessTestCaseMainPhase(TestSuiteExecutor.java:203)
		at com.kms.katalon.core.main.TestSuiteExecutor.accessTestSuiteMainPhase(TestSuiteExecutor.java:152)
		at com.kms.katalon.core.main.TestSuiteExecutor.execute(TestSuiteExecutor.java:95)
		at com.kms.katalon.core.main.TestCaseMain.startTestSuite(TestCaseMain.java:157)
		at com.kms.katalon.core.main.TestCaseMain$startTestSuite$0.call(Unknown Source)
		at TempTestSuite1620484379933.run(TempTestSuite1620484379933.groovy:39)
	]
	at com.kms.katalon.core.keyword.internal.KeywordMain.stepFailed(KeywordMain.groovy:50)
	at com.kms.katalon.core.keyword.internal.KeywordMain.stepFailed(KeywordMain.groovy)
	at com.kms.katalon.core.keyword.internal.KeywordMain.stepFailed(KeywordMain.groovy:23)
	at com.kms.katalon.core.keyword.internal.KeywordMain$stepFailed$0.call(Unknown Source)
	at com.kazurayam.junit4ks.JUnitCustomKeywords$_runWithJUnitRunner_closure1.doCall(JUnitCustomKeywords.groovy:150)
	at com.kazurayam.junit4ks.JUnitCustomKeywords$_runWithJUnitRunner_closure1.doCall(JUnitCustomKeywords.groovy)
	at com.kms.katalon.core.keyword.internal.KeywordMain.runKeyword(KeywordMain.groovy:68)
	at com.kms.katalon.core.keyword.internal.KeywordMain$runKeyword.call(Unknown Source)
	at com.kazurayam.junit4ks.JUnitCustomKeywords.runWithJUnitRunner(JUnitCustomKeywords.groovy:134)
	at com.kazurayam.junit4ks.JUnitCustomKeywords$runWithJUnitRunner$0.callStatic(Unknown Source)
	at com.kazurayam.junit4ks.JUnitCustomKeywords.runWithJUnitRunner(JUnitCustomKeywords.groovy:215)
	at com.kazurayam.junit4ks.JUnitCustomKeywords$runWithJUnitRunner.callStatic(Unknown Source)
	at AssociatorTestRunner.run(AssociatorTestRunner:4)
	at com.kms.katalon.core.main.ScriptEngine.run(ScriptEngine.java:194)
	at com.kms.katalon.core.main.ScriptEngine.runScriptAsRawText(ScriptEngine.java:119)
	at com.kms.katalon.core.main.TestCaseExecutor.runScript(TestCaseExecutor.java:398)
	at com.kms.katalon.core.main.TestCaseExecutor.doExecute(TestCaseExecutor.java:389)
	at com.kms.katalon.core.main.TestCaseExecutor.processExecutionPhase(TestCaseExecutor.java:368)
	at com.kms.katalon.core.main.TestCaseExecutor.accessMainPhase(TestCaseExecutor.java:360)
	at com.kms.katalon.core.main.TestCaseExecutor.execute(TestCaseExecutor.java:255)
	at com.kms.katalon.core.main.TestSuiteExecutor.accessTestCaseMainPhase(TestSuiteExecutor.java:203)
	at com.kms.katalon.core.main.TestSuiteExecutor.accessTestSuiteMainPhase(TestSuiteExecutor.java:152)
	at com.kms.katalon.core.main.TestSuiteExecutor.execute(TestSuiteExecutor.java:95)
	at com.kms.katalon.core.main.TestCaseMain.startTestSuite(TestCaseMain.java:157)
	at com.kms.katalon.core.main.TestCaseMain$startTestSuite$0.call(Unknown Source)
	at TempTestSuite1620484379933.run(TempTestSuite1620484379933.groovy:39)]]></system-err>
      </testcase>
      <system-out><![CDATA[2021-05-08 23:33:08 - [TEST_SUITE][FAILED] - AssociatorTestSuite: Test Cases/junittest/AssociatorTestRunner FAILED.
Reason:
com.kms.katalon.core.exception.StepFailedException: These following reason:
 [
	java.lang.AssertionError: callees: [test_modifyTestObject]
		at org.junit.Assert.fail(Assert.java:89)
		at org.junit.Assert.assertTrue(Assert.java:42)
		at com.kazurayam.ks.testobject.AssociatorTest.test_TestObjectInObjectRepository(AssociatorTest.groovy:37)
		at org.junit.runners.model.FrameworkMethod$1.runReflectiveCall(FrameworkMethod.java:59)
		at org.junit.internal.runners.model.ReflectiveCallable.run(ReflectiveCallable.java:12)
		at org.junit.runners.model.FrameworkMethod.invokeExplosively(FrameworkMethod.java:56)
		at org.junit.internal.runners.statements.InvokeMethod.evaluate(InvokeMethod.java:17)
		at org.junit.internal.runners.statements.RunBefores.evaluate(RunBefores.java:26)
		at org.junit.runners.ParentRunner$3.evaluate(ParentRunner.java:306)
		at org.junit.runners.BlockJUnit4ClassRunner$1.evaluate(BlockJUnit4ClassRunner.java:100)
		at org.junit.runners.ParentRunner.runLeaf(ParentRunner.java:366)
		at org.junit.runners.BlockJUnit4ClassRunner.runChild(BlockJUnit4ClassRunner.java:103)
		at org.junit.runners.BlockJUnit4ClassRunner.runChild(BlockJUnit4ClassRunner.java:63)
		at org.junit.runners.ParentRunner$4.run(ParentRunner.java:331)
		at org.junit.runners.ParentRunner$1.schedule(ParentRunner.java:79)
		at org.junit.runners.ParentRunner.runChildren(ParentRunner.java:329)
		at org.junit.runners.ParentRunner.access$100(ParentRunner.java:66)
		at org.junit.runners.ParentRunner$2.evaluate(ParentRunner.java:293)
		at org.junit.runners.ParentRunner$3.evaluate(ParentRunner.java:306)
		at org.junit.runners.ParentRunner.run(ParentRunner.java:413)
		at org.junit.runners.Suite.runChild(Suite.java:128)
		at org.junit.runners.Suite.runChild(Suite.java:27)
		at org.junit.runners.ParentRunner$4.run(ParentRunner.java:331)
		at org.junit.runners.ParentRunner$1.schedule(ParentRunner.java:79)
		at org.junit.runners.ParentRunner.runChildren(ParentRunner.java:329)
		at org.junit.runners.ParentRunner.access$100(ParentRunner.java:66)
		at org.junit.runners.ParentRunner$2.evaluate(ParentRunner.java:293)
		at org.junit.runners.ParentRunner$3.evaluate(ParentRunner.java:306)
		at org.junit.runners.ParentRunner.run(ParentRunner.java:413)
		at org.junit.runner.JUnitCore.run(JUnitCore.java:137)
		at org.junit.runner.JUnitCore.run(JUnitCore.java:115)
		at org.junit.runner.JUnitCore.run(JUnitCore.java:105)
		at com.kazurayam.junit4ks.JUnitCustomKeywords$_runWithJUnitRunner_closure1.doCall(JUnitCustomKeywords.groovy:138)
		at com.kazurayam.junit4ks.JUnitCustomKeywords$_runWithJUnitRunner_closure1.doCall(JUnitCustomKeywords.groovy)
		at com.kms.katalon.core.keyword.internal.KeywordMain.runKeyword(KeywordMain.groovy:68)
		at com.kms.katalon.core.keyword.internal.KeywordMain$runKeyword.call(Unknown Source)
		at com.kazurayam.junit4ks.JUnitCustomKeywords.runWithJUnitRunner(JUnitCustomKeywords.groovy:134)
		at com.kazurayam.junit4ks.JUnitCustomKeywords$runWithJUnitRunner$0.callStatic(Unknown Source)
		at com.kazurayam.junit4ks.JUnitCustomKeywords.runWithJUnitRunner(JUnitCustomKeywords.groovy:215)
		at com.kazurayam.junit4ks.JUnitCustomKeywords$runWithJUnitRunner.callStatic(Unknown Source)
		at AssociatorTestRunner.run(AssociatorTestRunner:4)
		at com.kms.katalon.core.main.ScriptEngine.run(ScriptEngine.java:194)
		at com.kms.katalon.core.main.ScriptEngine.runScriptAsRawText(ScriptEngine.java:119)
		at com.kms.katalon.core.main.TestCaseExecutor.runScript(TestCaseExecutor.java:398)
		at com.kms.katalon.core.main.TestCaseExecutor.doExecute(TestCaseExecutor.java:389)
		at com.kms.katalon.core.main.TestCaseExecutor.processExecutionPhase(TestCaseExecutor.java:368)
		at com.kms.katalon.core.main.TestCaseExecutor.accessMainPhase(TestCaseExecutor.java:360)
		at com.kms.katalon.core.main.TestCaseExecutor.execute(TestCaseExecutor.java:255)
		at com.kms.katalon.core.main.TestSuiteExecutor.accessTestCaseMainPhase(TestSuiteExecutor.java:203)
		at com.kms.katalon.core.main.TestSuiteExecutor.accessTestSuiteMainPhase(TestSuiteExecutor.java:152)
		at com.kms.katalon.core.main.TestSuiteExecutor.execute(TestSuiteExecutor.java:95)
		at com.kms.katalon.core.main.TestCaseMain.startTestSuite(TestCaseMain.java:157)
		at com.kms.katalon.core.main.TestCaseMain$startTestSuite$0.call(Unknown Source)
		at TempTestSuite1620484379933.run(TempTestSuite1620484379933.groovy:39)
	]
	at com.kms.katalon.core.keyword.internal.KeywordMain.stepFailed(KeywordMain.groovy:50)
	at com.kms.katalon.core.keyword.internal.KeywordMain.stepFailed(KeywordMain.groovy)
	at com.kms.katalon.core.keyword.internal.KeywordMain.stepFailed(KeywordMain.groovy:23)
	at com.kms.katalon.core.keyword.internal.KeywordMain$stepFailed$0.call(Unknown Source)
	at com.kazurayam.junit4ks.JUnitCustomKeywords$_runWithJUnitRunner_closure1.doCall(JUnitCustomKeywords.groovy:150)
	at com.kazurayam.junit4ks.JUnitCustomKeywords$_runWithJUnitRunner_closure1.doCall(JUnitCustomKeywords.groovy)
	at com.kms.katalon.core.keyword.internal.KeywordMain.runKeyword(KeywordMain.groovy:68)
	at com.kms.katalon.core.keyword.internal.KeywordMain$runKeyword.call(Unknown Source)
	at com.kazurayam.junit4ks.JUnitCustomKeywords.runWithJUnitRunner(JUnitCustomKeywords.groovy:134)
	at com.kazurayam.junit4ks.JUnitCustomKeywords$runWithJUnitRunner$0.callStatic(Unknown Source)
	at com.kazurayam.junit4ks.JUnitCustomKeywords.runWithJUnitRunner(JUnitCustomKeywords.groovy:215)
	at com.kazurayam.junit4ks.JUnitCustomKeywords$runWithJUnitRunner.callStatic(Unknown Source)
	at AssociatorTestRunner.run(AssociatorTestRunner:4)
	at com.kms.katalon.core.main.ScriptEngine.run(ScriptEngine.java:194)
	at com.kms.katalon.core.main.ScriptEngine.runScriptAsRawText(ScriptEngine.java:119)
	at com.kms.katalon.core.main.TestCaseExecutor.runScript(TestCaseExecutor.java:398)
	at com.kms.katalon.core.main.TestCaseExecutor.doExecute(TestCaseExecutor.java:389)
	at com.kms.katalon.core.main.TestCaseExecutor.processExecutionPhase(TestCaseExecutor.java:368)
	at com.kms.katalon.core.main.TestCaseExecutor.accessMainPhase(TestCaseExecutor.java:360)
	at com.kms.katalon.core.main.TestCaseExecutor.execute(TestCaseExecutor.java:255)
	at com.kms.katalon.core.main.TestSuiteExecutor.accessTestCaseMainPhase(TestSuiteExecutor.java:203)
	at com.kms.katalon.core.main.TestSuiteExecutor.accessTestSuiteMainPhase(TestSuiteExecutor.java:152)
	at com.kms.katalon.core.main.TestSuiteExecutor.execute(TestSuiteExecutor.java:95)
	at com.kms.katalon.core.main.TestCaseMain.startTestSuite(TestCaseMain.java:157)
	at com.kms.katalon.core.main.TestCaseMain$startTestSuite$0.call(Unknown Source)
	at TempTestSuite1620484379933.run(TempTestSuite1620484379933.groovy:39)]]></system-out>
      <system-err><![CDATA[2021-05-08 23:33:08 - [TEST_SUITE][FAILED] - AssociatorTestSuite: Test Cases/junittest/AssociatorTestRunner FAILED.
Reason:
com.kms.katalon.core.exception.StepFailedException: These following reason:
 [
	java.lang.AssertionError: callees: [test_modifyTestObject]
		at org.junit.Assert.fail(Assert.java:89)
		at org.junit.Assert.assertTrue(Assert.java:42)
		at com.kazurayam.ks.testobject.AssociatorTest.test_TestObjectInObjectRepository(AssociatorTest.groovy:37)
		at org.junit.runners.model.FrameworkMethod$1.runReflectiveCall(FrameworkMethod.java:59)
		at org.junit.internal.runners.model.ReflectiveCallable.run(ReflectiveCallable.java:12)
		at org.junit.runners.model.FrameworkMethod.invokeExplosively(FrameworkMethod.java:56)
		at org.junit.internal.runners.statements.InvokeMethod.evaluate(InvokeMethod.java:17)
		at org.junit.internal.runners.statements.RunBefores.evaluate(RunBefores.java:26)
		at org.junit.runners.ParentRunner$3.evaluate(ParentRunner.java:306)
		at org.junit.runners.BlockJUnit4ClassRunner$1.evaluate(BlockJUnit4ClassRunner.java:100)
		at org.junit.runners.ParentRunner.runLeaf(ParentRunner.java:366)
		at org.junit.runners.BlockJUnit4ClassRunner.runChild(BlockJUnit4ClassRunner.java:103)
		at org.junit.runners.BlockJUnit4ClassRunner.runChild(BlockJUnit4ClassRunner.java:63)
		at org.junit.runners.ParentRunner$4.run(ParentRunner.java:331)
		at org.junit.runners.ParentRunner$1.schedule(ParentRunner.java:79)
		at org.junit.runners.ParentRunner.runChildren(ParentRunner.java:329)
		at org.junit.runners.ParentRunner.access$100(ParentRunner.java:66)
		at org.junit.runners.ParentRunner$2.evaluate(ParentRunner.java:293)
		at org.junit.runners.ParentRunner$3.evaluate(ParentRunner.java:306)
		at org.junit.runners.ParentRunner.run(ParentRunner.java:413)
		at org.junit.runners.Suite.runChild(Suite.java:128)
		at org.junit.runners.Suite.runChild(Suite.java:27)
		at org.junit.runners.ParentRunner$4.run(ParentRunner.java:331)
		at org.junit.runners.ParentRunner$1.schedule(ParentRunner.java:79)
		at org.junit.runners.ParentRunner.runChildren(ParentRunner.java:329)
		at org.junit.runners.ParentRunner.access$100(ParentRunner.java:66)
		at org.junit.runners.ParentRunner$2.evaluate(ParentRunner.java:293)
		at org.junit.runners.ParentRunner$3.evaluate(ParentRunner.java:306)
		at org.junit.runners.ParentRunner.run(ParentRunner.java:413)
		at org.junit.runner.JUnitCore.run(JUnitCore.java:137)
		at org.junit.runner.JUnitCore.run(JUnitCore.java:115)
		at org.junit.runner.JUnitCore.run(JUnitCore.java:105)
		at com.kazurayam.junit4ks.JUnitCustomKeywords$_runWithJUnitRunner_closure1.doCall(JUnitCustomKeywords.groovy:138)
		at com.kazurayam.junit4ks.JUnitCustomKeywords$_runWithJUnitRunner_closure1.doCall(JUnitCustomKeywords.groovy)
		at com.kms.katalon.core.keyword.internal.KeywordMain.runKeyword(KeywordMain.groovy:68)
		at com.kms.katalon.core.keyword.internal.KeywordMain$runKeyword.call(Unknown Source)
		at com.kazurayam.junit4ks.JUnitCustomKeywords.runWithJUnitRunner(JUnitCustomKeywords.groovy:134)
		at com.kazurayam.junit4ks.JUnitCustomKeywords$runWithJUnitRunner$0.callStatic(Unknown Source)
		at com.kazurayam.junit4ks.JUnitCustomKeywords.runWithJUnitRunner(JUnitCustomKeywords.groovy:215)
		at com.kazurayam.junit4ks.JUnitCustomKeywords$runWithJUnitRunner.callStatic(Unknown Source)
		at AssociatorTestRunner.run(AssociatorTestRunner:4)
		at com.kms.katalon.core.main.ScriptEngine.run(ScriptEngine.java:194)
		at com.kms.katalon.core.main.ScriptEngine.runScriptAsRawText(ScriptEngine.java:119)
		at com.kms.katalon.core.main.TestCaseExecutor.runScript(TestCaseExecutor.java:398)
		at com.kms.katalon.core.main.TestCaseExecutor.doExecute(TestCaseExecutor.java:389)
		at com.kms.katalon.core.main.TestCaseExecutor.processExecutionPhase(TestCaseExecutor.java:368)
		at com.kms.katalon.core.main.TestCaseExecutor.accessMainPhase(TestCaseExecutor.java:360)
		at com.kms.katalon.core.main.TestCaseExecutor.execute(TestCaseExecutor.java:255)
		at com.kms.katalon.core.main.TestSuiteExecutor.accessTestCaseMainPhase(TestSuiteExecutor.java:203)
		at com.kms.katalon.core.main.TestSuiteExecutor.accessTestSuiteMainPhase(TestSuiteExecutor.java:152)
		at com.kms.katalon.core.main.TestSuiteExecutor.execute(TestSuiteExecutor.java:95)
		at com.kms.katalon.core.main.TestCaseMain.startTestSuite(TestCaseMain.java:157)
		at com.kms.katalon.core.main.TestCaseMain$startTestSuite$0.call(Unknown Source)
		at TempTestSuite1620484379933.run(TempTestSuite1620484379933.groovy:39)
	]
	at com.kms.katalon.core.keyword.internal.KeywordMain.stepFailed(KeywordMain.groovy:50)
	at com.kms.katalon.core.keyword.internal.KeywordMain.stepFailed(KeywordMain.groovy)
	at com.kms.katalon.core.keyword.internal.KeywordMain.stepFailed(KeywordMain.groovy:23)
	at com.kms.katalon.core.keyword.internal.KeywordMain$stepFailed$0.call(Unknown Source)
	at com.kazurayam.junit4ks.JUnitCustomKeywords$_runWithJUnitRunner_closure1.doCall(JUnitCustomKeywords.groovy:150)
	at com.kazurayam.junit4ks.JUnitCustomKeywords$_runWithJUnitRunner_closure1.doCall(JUnitCustomKeywords.groovy)
	at com.kms.katalon.core.keyword.internal.KeywordMain.runKeyword(KeywordMain.groovy:68)
	at com.kms.katalon.core.keyword.internal.KeywordMain$runKeyword.call(Unknown Source)
	at com.kazurayam.junit4ks.JUnitCustomKeywords.runWithJUnitRunner(JUnitCustomKeywords.groovy:134)
	at com.kazurayam.junit4ks.JUnitCustomKeywords$runWithJUnitRunner$0.callStatic(Unknown Source)
	at com.kazurayam.junit4ks.JUnitCustomKeywords.runWithJUnitRunner(JUnitCustomKeywords.groovy:215)
	at com.kazurayam.junit4ks.JUnitCustomKeywords$runWithJUnitRunner.callStatic(Unknown Source)
	at AssociatorTestRunner.run(AssociatorTestRunner:4)
	at com.kms.katalon.core.main.ScriptEngine.run(ScriptEngine.java:194)
	at com.kms.katalon.core.main.ScriptEngine.runScriptAsRawText(ScriptEngine.java:119)
	at com.kms.katalon.core.main.TestCaseExecutor.runScript(TestCaseExecutor.java:398)
	at com.kms.katalon.core.main.TestCaseExecutor.doExecute(TestCaseExecutor.java:389)
	at com.kms.katalon.core.main.TestCaseExecutor.processExecutionPhase(TestCaseExecutor.java:368)
	at com.kms.katalon.core.main.TestCaseExecutor.accessMainPhase(TestCaseExecutor.java:360)
	at com.kms.katalon.core.main.TestCaseExecutor.execute(TestCaseExecutor.java:255)
	at com.kms.katalon.core.main.TestSuiteExecutor.accessTestCaseMainPhase(TestSuiteExecutor.java:203)
	at com.kms.katalon.core.main.TestSuiteExecutor.accessTestSuiteMainPhase(TestSuiteExecutor.java:152)
	at com.kms.katalon.core.main.TestSuiteExecutor.execute(TestSuiteExecutor.java:95)
	at com.kms.katalon.core.main.TestCaseMain.startTestSuite(TestCaseMain.java:157)
	at com.kms.katalon.core.main.TestCaseMain$startTestSuite$0.call(Unknown Source)
	at TempTestSuite1620484379933.run(TempTestSuite1620484379933.groovy:39)]]></system-err>
   </testsuite>
</testsuites>
