<?xml version="1.0" encoding="UTF-8" standalone="no"?>
<!DOCTYPE log SYSTEM "logger.dtd">
<log>
<record>
  <date>2021-05-08T23:54:08</date>
  <millis>1620485648968</millis>
  <sequence>0</sequence>
  <level>START</level>
  <class>com.kms.katalon.core.logging.XmlKeywordLogger</class>
  <method>startSuite</method>
  <thread>1</thread>
  <message>Start Test Suite : Test Suites/junittest/AssociatorTestSuite</message>
  <nestedLevel>0</nestedLevel>
  <escapedJava>false</escapedJava>
  <property name="name">AssociatorTestSuite</property>
  <property name="description"></property>
  <property name="id">Test Suites/junittest/AssociatorTestSuite</property>
  <property name="stopImmediately">false</property>
</record>
<record>
  <date>2021-05-08T23:54:08</date>
  <millis>1620485648991</millis>
  <sequence>1</sequence>
  <level>RUN_DATA</level>
  <class>com.kms.katalon.core.logging.XmlKeywordLogger</class>
  <method>logMessage</method>
  <thread>1</thread>
  <message>hostName = kazuakiurayama - kazuakinoair.airport</message>
  <nestedLevel>0</nestedLevel>
  <escapedJava>false</escapedJava>
  <property name="hostName">kazuakiurayama - kazuakinoair.airport</property>
</record>
<record>
  <date>2021-05-08T23:54:08</date>
  <millis>1620485648992</millis>
  <sequence>2</sequence>
  <level>RUN_DATA</level>
  <class>com.kms.katalon.core.logging.XmlKeywordLogger</class>
  <method>logMessage</method>
  <thread>1</thread>
  <message>os = Mac OS X 64bit</message>
  <nestedLevel>0</nestedLevel>
  <escapedJava>false</escapedJava>
  <property name="os">Mac OS X 64bit</property>
</record>
<record>
  <date>2021-05-08T23:54:08</date>
  <millis>1620485648992</millis>
  <sequence>3</sequence>
  <level>RUN_DATA</level>
  <class>com.kms.katalon.core.logging.XmlKeywordLogger</class>
  <method>logMessage</method>
  <thread>1</thread>
  <message>hostAddress = 192.168.0.9</message>
  <nestedLevel>0</nestedLevel>
  <escapedJava>false</escapedJava>
  <property name="hostAddress">192.168.0.9</property>
</record>
<record>
  <date>2021-05-08T23:54:08</date>
  <millis>1620485648994</millis>
  <sequence>4</sequence>
  <level>RUN_DATA</level>
  <class>com.kms.katalon.core.logging.XmlKeywordLogger</class>
  <method>logMessage</method>
  <thread>1</thread>
  <message>katalonVersion = 7.9.1.208</message>
  <nestedLevel>0</nestedLevel>
  <escapedJava>false</escapedJava>
  <property name="katalonVersion">7.9.1.208</property>
</record>
<record>
  <date>2021-05-08T23:54:09</date>
  <millis>1620485649094</millis>
  <sequence>5</sequence>
  <level>START</level>
  <class>com.kms.katalon.core.logging.XmlKeywordLogger</class>
  <method>startKeyword</method>
  <thread>1</thread>
  <message>Start listener action : beforeTestSuite</message>
  <nestedLevel>0</nestedLevel>
  <escapedJava>false</escapedJava>
</record>
<record>
  <date>2021-05-08T23:54:09</date>
  <millis>1620485649122</millis>
  <sequence>7</sequence>
  <level>START</level>
  <class>com.kms.katalon.core.logging.XmlKeywordLogger</class>
  <method>startKeyword</method>
  <thread>1</thread>
  <message>Start action : associator.beforeTestSuite(testSuiteContext)</message>
  <nestedLevel>1</nestedLevel>
  <escapedJava>false</escapedJava>
  <property name="startLine">19</property>
  <property name="stepIndex">1</property>
</record>
<record>
  <date>2021-05-08T23:54:09</date>
  <millis>1620485649442</millis>
  <sequence>9</sequence>
  <level>END</level>
  <class>com.kms.katalon.core.logging.XmlKeywordLogger</class>
  <method>endKeyword</method>
  <thread>1</thread>
  <message>End action : associator.beforeTestSuite(testSuiteContext)</message>
  <nestedLevel>1</nestedLevel>
  <escapedJava>false</escapedJava>
</record>
<record>
  <date>2021-05-08T23:54:09</date>
  <millis>1620485649442</millis>
  <sequence>10</sequence>
  <level>END</level>
  <class>com.kms.katalon.core.logging.XmlKeywordLogger</class>
  <method>endKeyword</method>
  <thread>1</thread>
  <message>End listener action : beforeTestSuite</message>
  <nestedLevel>0</nestedLevel>
  <escapedJava>false</escapedJava>
</record>
<record>
  <date>2021-05-08T23:54:10</date>
  <millis>1620485650200</millis>
  <sequence>11</sequence>
  <level>START</level>
  <class>com.kms.katalon.core.logging.XmlKeywordLogger</class>
  <method>startTest</method>
  <thread>1</thread>
  <message>Start Test Case : Test Cases/junittest/AssociatorTestRunner</message>
  <nestedLevel>1</nestedLevel>
  <escapedJava>false</escapedJava>
  <property name="name">Test Cases/junittest/AssociatorTestRunner</property>
  <property name="description"></property>
  <property name="id">Test Cases/junittest/AssociatorTestRunner</property>
  <property name="source">\Users\kazuakiurayama\katalon-workspace\kazurayam-ks-testobject-testcase-association-tracer\Test Cases\junittest\AssociatorTestRunner.tc</property>
  <property name="tag"></property>
  <property name="isOptional">false</property>
</record>
<record>
  <date>2021-05-08T23:54:10</date>
  <millis>1620485650243</millis>
  <sequence>13</sequence>
  <level>START</level>
  <class>com.kms.katalon.core.logging.XmlKeywordLogger</class>
  <method>startKeyword</method>
  <thread>1</thread>
  <message>Start listener action : beforeTestCase</message>
  <nestedLevel>1</nestedLevel>
  <escapedJava>false</escapedJava>
</record>
<record>
  <date>2021-05-08T23:54:10</date>
  <millis>1620485650244</millis>
  <sequence>15</sequence>
  <level>START</level>
  <class>com.kms.katalon.core.logging.XmlKeywordLogger</class>
  <method>startKeyword</method>
  <thread>1</thread>
  <message>Start action : associator.beforeTestCase(testCaseContext)</message>
  <nestedLevel>1</nestedLevel>
  <escapedJava>false</escapedJava>
  <property name="startLine">24</property>
  <property name="stepIndex">1</property>
</record>
<record>
  <date>2021-05-08T23:54:10</date>
  <millis>1620485650262</millis>
  <sequence>17</sequence>
  <level>END</level>
  <class>com.kms.katalon.core.logging.XmlKeywordLogger</class>
  <method>endKeyword</method>
  <thread>1</thread>
  <message>End action : associator.beforeTestCase(testCaseContext)</message>
  <nestedLevel>1</nestedLevel>
  <escapedJava>false</escapedJava>
</record>
<record>
  <date>2021-05-08T23:54:10</date>
  <millis>1620485650263</millis>
  <sequence>18</sequence>
  <level>END</level>
  <class>com.kms.katalon.core.logging.XmlKeywordLogger</class>
  <method>endKeyword</method>
  <thread>1</thread>
  <message>End listener action : beforeTestCase</message>
  <nestedLevel>1</nestedLevel>
  <escapedJava>false</escapedJava>
</record>
<record>
  <date>2021-05-08T23:54:10</date>
  <millis>1620485650472</millis>
  <sequence>19</sequence>
  <level>START</level>
  <class>com.kms.katalon.core.logging.XmlKeywordLogger</class>
  <method>startKeyword</method>
  <thread>1</thread>
  <message>Start action : JUnitCustomKeywords.runWithJUnitRunner(com.kazurayam.ks.testobject.AssociatorTest)</message>
  <nestedLevel>1</nestedLevel>
  <escapedJava>false</escapedJava>
  <property name="startLine">4</property>
  <property name="stepIndex">1</property>
</record>
<record>
  <date>2021-05-08T23:54:10</date>
  <millis>1620485650696</millis>
  <sequence>20</sequence>
  <level>START</level>
  <class>com.kms.katalon.core.logging.XmlKeywordLogger</class>
  <method>startTest</method>
  <thread>1</thread>
  <message>Start Test Case : test_modifyTestObject(com.kazurayam.ks.testobject.AssociatorTest)</message>
  <nestedLevel>2</nestedLevel>
  <escapedJava>false</escapedJava>
</record>
<record>
  <date>2021-05-08T23:54:10</date>
  <millis>1620485650806</millis>
  <sequence>22</sequence>
  <level>PASSED</level>
  <class>com.kms.katalon.core.logging.XmlKeywordLogger</class>
  <method>logMessage</method>
  <thread>1</thread>
  <message>test_modifyTestObject(com.kazurayam.ks.testobject.AssociatorTest)</message>
  <nestedLevel>2</nestedLevel>
  <escapedJava>false</escapedJava>
  <property name="testops-method-name">com.kms.katalon.core.keyword.internal.KeywordMain$runKeyword.call</property>
  <property name="testops-execution-stacktrace">com.kms.katalon.core.logging.KeywordLogger.logPassed(KeywordLogger.java:330)
com.kms.katalon.core.logging.KeywordLogger.logPassed(KeywordLogger.java:324)
com.kms.katalon.core.logging.KeywordLogger$logPassed$1.call(Unknown Source)
com.kazurayam.junit4ks.JUnitCustomKeywords$RunListener4KS.testFinished(JUnitCustomKeywords.groovy:185)
org.junit.runner.notification.SynchronizedRunListener.testFinished(SynchronizedRunListener.java:87)
org.junit.runner.notification.RunNotifier$9.notifyListener(RunNotifier.java:225)
org.junit.runner.notification.RunNotifier$SafeNotifier.run(RunNotifier.java:72)
org.junit.runner.notification.RunNotifier.fireTestFinished(RunNotifier.java:222)
org.junit.internal.runners.model.EachTestNotifier.fireTestFinished(EachTestNotifier.java:38)
org.junit.runners.ParentRunner.runLeaf(ParentRunner.java:372)
org.junit.runners.BlockJUnit4ClassRunner.runChild(BlockJUnit4ClassRunner.java:103)
org.junit.runners.BlockJUnit4ClassRunner.runChild(BlockJUnit4ClassRunner.java:63)
org.junit.runners.ParentRunner$4.run(ParentRunner.java:331)
org.junit.runners.ParentRunner$1.schedule(ParentRunner.java:79)
org.junit.runners.ParentRunner.runChildren(ParentRunner.java:329)
org.junit.runners.ParentRunner.access$100(ParentRunner.java:66)
org.junit.runners.ParentRunner$2.evaluate(ParentRunner.java:293)
org.junit.runners.ParentRunner$3.evaluate(ParentRunner.java:306)
org.junit.runners.ParentRunner.run(ParentRunner.java:413)
org.junit.runners.Suite.runChild(Suite.java:128)
org.junit.runners.Suite.runChild(Suite.java:27)
org.junit.runners.ParentRunner$4.run(ParentRunner.java:331)
org.junit.runners.ParentRunner$1.schedule(ParentRunner.java:79)
org.junit.runners.ParentRunner.runChildren(ParentRunner.java:329)
org.junit.runners.ParentRunner.access$100(ParentRunner.java:66)
org.junit.runners.ParentRunner$2.evaluate(ParentRunner.java:293)
org.junit.runners.ParentRunner$3.evaluate(ParentRunner.java:306)
org.junit.runners.ParentRunner.run(ParentRunner.java:413)
org.junit.runner.JUnitCore.run(JUnitCore.java:137)
org.junit.runner.JUnitCore.run(JUnitCore.java:115)
org.junit.runner.JUnitCore.run(JUnitCore.java:105)
com.kazurayam.junit4ks.JUnitCustomKeywords$_runWithJUnitRunner_closure1.doCall(JUnitCustomKeywords.groovy:138)
com.kazurayam.junit4ks.JUnitCustomKeywords$_runWithJUnitRunner_closure1.doCall(JUnitCustomKeywords.groovy)
com.kms.katalon.core.keyword.internal.KeywordMain.runKeyword(KeywordMain.groovy:68)
com.kms.katalon.core.keyword.internal.KeywordMain$runKeyword.call(Unknown Source)
com.kazurayam.junit4ks.JUnitCustomKeywords.runWithJUnitRunner(JUnitCustomKeywords.groovy:134)
com.kazurayam.junit4ks.JUnitCustomKeywords$runWithJUnitRunner$0.callStatic(Unknown Source)
com.kazurayam.junit4ks.JUnitCustomKeywords.runWithJUnitRunner(JUnitCustomKeywords.groovy:215)
com.kazurayam.junit4ks.JUnitCustomKeywords$runWithJUnitRunner.callStatic(Unknown Source)
AssociatorTestRunner.run(AssociatorTestRunner:4)
</property>
</record>
<record>
  <date>2021-05-08T23:54:10</date>
  <millis>1620485650809</millis>
  <sequence>23</sequence>
  <level>END</level>
  <class>com.kms.katalon.core.logging.XmlKeywordLogger</class>
  <method>endTest</method>
  <thread>1</thread>
  <message>End Test Case : test_modifyTestObject(com.kazurayam.ks.testobject.AssociatorTest)</message>
  <nestedLevel>1</nestedLevel>
  <escapedJava>false</escapedJava>
</record>
<record>
  <date>2021-05-08T23:54:10</date>
  <millis>1620485650814</millis>
  <sequence>24</sequence>
  <level>START</level>
  <class>com.kms.katalon.core.logging.XmlKeywordLogger</class>
  <method>startTest</method>
  <thread>1</thread>
  <message>Start Test Case : test_TestObjectInObjectRepository(com.kazurayam.ks.testobject.AssociatorTest)</message>
  <nestedLevel>2</nestedLevel>
  <escapedJava>false</escapedJava>
</record>
<record>
  <date>2021-05-08T23:54:10</date>
  <millis>1620485650846</millis>
  <sequence>26</sequence>
  <level>WARNING</level>
  <class>com.kms.katalon.core.logging.XmlKeywordLogger</class>
  <method>logMessage</method>
  <thread>1</thread>
  <message>Test object with id &amp;apos;Object Repository/Page_CURA Healthcare Service/a_Got to Homepage&amp;apos; does not exist</message>
  <nestedLevel>2</nestedLevel>
  <escapedJava>false</escapedJava>
</record>
<record>
  <date>2021-05-08T23:54:10</date>
  <millis>1620485650912</millis>
  <sequence>28</sequence>
  <level>FAILED</level>
  <class>com.kms.katalon.core.logging.XmlKeywordLogger</class>
  <method>logMessage</method>
  <thread>1</thread>
  <message>test_TestObjectInObjectRepository(com.kazurayam.ks.testobject.AssociatorTest) FAILED.
Reason:
java.lang.AssertionError: callees: [test_modifyTestObject] does not contain &amp;quot;Page_CURA Healthcare Service/a_Got to Homepage&amp;quot;
	at org.junit.Assert.fail(Assert.java:89)
	at org.junit.Assert.assertTrue(Assert.java:42)
	at com.kazurayam.ks.testobject.AssociatorTest.test_TestObjectInObjectRepository(AssociatorTest.groovy:30)
	at org.junit.runners.model.FrameworkMethod$1.runReflectiveCall(FrameworkMethod.java:59)
	at org.junit.internal.runners.model.ReflectiveCallable.run(ReflectiveCallable.java:12)
	at org.junit.runners.model.FrameworkMethod.invokeExplosively(FrameworkMethod.java:56)
	at org.junit.internal.runners.statements.InvokeMethod.evaluate(InvokeMethod.java:17)
	at org.junit.runners.ParentRunner$3.evaluate(ParentRunner.java:306)
	at org.junit.runners.BlockJUnit4ClassRunner$1.evaluate(BlockJUnit4ClassRunner.java:100)
	at org.junit.runners.ParentRunner.runLeaf(ParentRunner.java:366)
	at org.junit.runners.BlockJUnit4ClassRunner.runChild(BlockJUnit4ClassRunner.java:103)
	at org.junit.runners.BlockJUnit4ClassRunner.runChild(BlockJUnit4ClassRunner.java:63)
	at org.junit.runners.ParentRunner$4.run(ParentRunner.java:331)
	at org.junit.runners.ParentRunner$1.schedule(ParentRunner.java:79)
	at org.junit.runners.ParentRunner.runChildren(ParentRunner.java:329)
	at org.junit.runners.ParentRunner.access$100(ParentRunner.java:66)
	at org.junit.runners.ParentRunner$2.evaluate(ParentRunner.java:293)
	at org.junit.runners.ParentRunner$3.evaluate(ParentRunner.java:306)
	at org.junit.runners.ParentRunner.run(ParentRunner.java:413)
	at org.junit.runners.Suite.runChild(Suite.java:128)
	at org.junit.runners.Suite.runChild(Suite.java:27)
	at org.junit.runners.ParentRunner$4.run(ParentRunner.java:331)
	at org.junit.runners.ParentRunner$1.schedule(ParentRunner.java:79)
	at org.junit.runners.ParentRunner.runChildren(ParentRunner.java:329)
	at org.junit.runners.ParentRunner.access$100(ParentRunner.java:66)
	at org.junit.runners.ParentRunner$2.evaluate(ParentRunner.java:293)
	at org.junit.runners.ParentRunner$3.evaluate(ParentRunner.java:306)
	at org.junit.runners.ParentRunner.run(ParentRunner.java:413)
	at org.junit.runner.JUnitCore.run(JUnitCore.java:137)
	at org.junit.runner.JUnitCore.run(JUnitCore.java:115)
	at org.junit.runner.JUnitCore.run(JUnitCore.java:105)
	at com.kazurayam.junit4ks.JUnitCustomKeywords$_runWithJUnitRunner_closure1.doCall(JUnitCustomKeywords.groovy:138)
	at com.kazurayam.junit4ks.JUnitCustomKeywords$_runWithJUnitRunner_closure1.doCall(JUnitCustomKeywords.groovy)
	at com.kms.katalon.core.keyword.internal.KeywordMain.runKeyword(KeywordMain.groovy:68)
	at com.kms.katalon.core.keyword.internal.KeywordMain$runKeyword.call(Unknown Source)
	at com.kazurayam.junit4ks.JUnitCustomKeywords.runWithJUnitRunner(JUnitCustomKeywords.groovy:134)
	at com.kazurayam.junit4ks.JUnitCustomKeywords$runWithJUnitRunner$0.callStatic(Unknown Source)
	at com.kazurayam.junit4ks.JUnitCustomKeywords.runWithJUnitRunner(JUnitCustomKeywords.groovy:215)
	at com.kazurayam.junit4ks.JUnitCustomKeywords$runWithJUnitRunner.callStatic(Unknown Source)
	at AssociatorTestRunner.run(AssociatorTestRunner:4)
	at com.kms.katalon.core.main.ScriptEngine.run(ScriptEngine.java:194)
	at com.kms.katalon.core.main.ScriptEngine.runScriptAsRawText(ScriptEngine.java:119)
	at com.kms.katalon.core.main.TestCaseExecutor.runScript(TestCaseExecutor.java:398)
	at com.kms.katalon.core.main.TestCaseExecutor.doExecute(TestCaseExecutor.java:389)
	at com.kms.katalon.core.main.TestCaseExecutor.processExecutionPhase(TestCaseExecutor.java:368)
	at com.kms.katalon.core.main.TestCaseExecutor.accessMainPhase(TestCaseExecutor.java:360)
	at com.kms.katalon.core.main.TestCaseExecutor.execute(TestCaseExecutor.java:255)
	at com.kms.katalon.core.main.TestSuiteExecutor.accessTestCaseMainPhase(TestSuiteExecutor.java:203)
	at com.kms.katalon.core.main.TestSuiteExecutor.accessTestSuiteMainPhase(TestSuiteExecutor.java:152)
	at com.kms.katalon.core.main.TestSuiteExecutor.execute(TestSuiteExecutor.java:95)
	at com.kms.katalon.core.main.TestCaseMain.startTestSuite(TestCaseMain.java:157)
	at com.kms.katalon.core.main.TestCaseMain$startTestSuite$0.call(Unknown Source)
	at TempTestSuite1620485638510.run(TempTestSuite1620485638510.groovy:39)
</message>
  <exception>
    <message>java.lang.AssertionError: callees: [test_modifyTestObject] does not contain "Page_CURA Healthcare Service/a_Got to Homepage"</message>
    <frame>
      <class>org.junit.Assert</class>
      <method>fail</method>
      <line>89</line>
    </frame>
    <frame>
      <class>org.junit.Assert</class>
      <method>assertTrue</method>
      <line>42</line>
    </frame>
    <frame>
      <class>com.kazurayam.ks.testobject.AssociatorTest</class>
      <method>test_TestObjectInObjectRepository</method>
      <line>30</line>
    </frame>
    <frame>
      <class>org.junit.runners.model.FrameworkMethod$1</class>
      <method>runReflectiveCall</method>
      <line>59</line>
    </frame>
    <frame>
      <class>org.junit.internal.runners.model.ReflectiveCallable</class>
      <method>run</method>
      <line>12</line>
    </frame>
    <frame>
      <class>org.junit.runners.model.FrameworkMethod</class>
      <method>invokeExplosively</method>
      <line>56</line>
    </frame>
    <frame>
      <class>org.junit.internal.runners.statements.InvokeMethod</class>
      <method>evaluate</method>
      <line>17</line>
    </frame>
    <frame>
      <class>org.junit.runners.ParentRunner$3</class>
      <method>evaluate</method>
      <line>306</line>
    </frame>
    <frame>
      <class>org.junit.runners.BlockJUnit4ClassRunner$1</class>
      <method>evaluate</method>
      <line>100</line>
    </frame>
    <frame>
      <class>org.junit.runners.ParentRunner</class>
      <method>runLeaf</method>
      <line>366</line>
    </frame>
    <frame>
      <class>org.junit.runners.BlockJUnit4ClassRunner</class>
      <method>runChild</method>
      <line>103</line>
    </frame>
    <frame>
      <class>org.junit.runners.BlockJUnit4ClassRunner</class>
      <method>runChild</method>
      <line>63</line>
    </frame>
    <frame>
      <class>org.junit.runners.ParentRunner$4</class>
      <method>run</method>
      <line>331</line>
    </frame>
    <frame>
      <class>org.junit.runners.ParentRunner$1</class>
      <method>schedule</method>
      <line>79</line>
    </frame>
    <frame>
      <class>org.junit.runners.ParentRunner</class>
      <method>runChildren</method>
      <line>329</line>
    </frame>
    <frame>
      <class>org.junit.runners.ParentRunner</class>
      <method>access$100</method>
      <line>66</line>
    </frame>
    <frame>
      <class>org.junit.runners.ParentRunner$2</class>
      <method>evaluate</method>
      <line>293</line>
    </frame>
    <frame>
      <class>org.junit.runners.ParentRunner$3</class>
      <method>evaluate</method>
      <line>306</line>
    </frame>
    <frame>
      <class>org.junit.runners.ParentRunner</class>
      <method>run</method>
      <line>413</line>
    </frame>
    <frame>
      <class>org.junit.runners.Suite</class>
      <method>runChild</method>
      <line>128</line>
    </frame>
    <frame>
      <class>org.junit.runners.Suite</class>
      <method>runChild</method>
      <line>27</line>
    </frame>
    <frame>
      <class>org.junit.runners.ParentRunner$4</class>
      <method>run</method>
      <line>331</line>
    </frame>
    <frame>
      <class>org.junit.runners.ParentRunner$1</class>
      <method>schedule</method>
      <line>79</line>
    </frame>
    <frame>
      <class>org.junit.runners.ParentRunner</class>
      <method>runChildren</method>
      <line>329</line>
    </frame>
    <frame>
      <class>org.junit.runners.ParentRunner</class>
      <method>access$100</method>
      <line>66</line>
    </frame>
    <frame>
      <class>org.junit.runners.ParentRunner$2</class>
      <method>evaluate</method>
      <line>293</line>
    </frame>
    <frame>
      <class>org.junit.runners.ParentRunner$3</class>
      <method>evaluate</method>
      <line>306</line>
    </frame>
    <frame>
      <class>org.junit.runners.ParentRunner</class>
      <method>run</method>
      <line>413</line>
    </frame>
    <frame>
      <class>org.junit.runner.JUnitCore</class>
      <method>run</method>
      <line>137</line>
    </frame>
    <frame>
      <class>org.junit.runner.JUnitCore</class>
      <method>run</method>
      <line>115</line>
    </frame>
    <frame>
      <class>org.junit.runner.JUnitCore</class>
      <method>run</method>
      <line>105</line>
    </frame>
    <frame>
      <class>com.kazurayam.junit4ks.JUnitCustomKeywords$_runWithJUnitRunner_closure1</class>
      <method>doCall</method>
      <line>138</line>
    </frame>
    <frame>
      <class>com.kazurayam.junit4ks.JUnitCustomKeywords$_runWithJUnitRunner_closure1</class>
      <method>doCall</method>
    </frame>
    <frame>
      <class>com.kms.katalon.core.keyword.internal.KeywordMain</class>
      <method>runKeyword</method>
      <line>68</line>
    </frame>
    <frame>
      <class>com.kms.katalon.core.keyword.internal.KeywordMain$runKeyword</class>
      <method>call</method>
    </frame>
    <frame>
      <class>com.kazurayam.junit4ks.JUnitCustomKeywords</class>
      <method>runWithJUnitRunner</method>
      <line>134</line>
    </frame>
    <frame>
      <class>com.kazurayam.junit4ks.JUnitCustomKeywords$runWithJUnitRunner$0</class>
      <method>callStatic</method>
    </frame>
    <frame>
      <class>com.kazurayam.junit4ks.JUnitCustomKeywords</class>
      <method>runWithJUnitRunner</method>
      <line>215</line>
    </frame>
    <frame>
      <class>com.kazurayam.junit4ks.JUnitCustomKeywords$runWithJUnitRunner</class>
      <method>callStatic</method>
    </frame>
    <frame>
      <class>AssociatorTestRunner</class>
      <method>run</method>
      <line>4</line>
    </frame>
    <frame>
      <class>com.kms.katalon.core.main.ScriptEngine</class>
      <method>run</method>
      <line>194</line>
    </frame>
    <frame>
      <class>com.kms.katalon.core.main.ScriptEngine</class>
      <method>runScriptAsRawText</method>
      <line>119</line>
    </frame>
    <frame>
      <class>com.kms.katalon.core.main.TestCaseExecutor</class>
      <method>runScript</method>
      <line>398</line>
    </frame>
    <frame>
      <class>com.kms.katalon.core.main.TestCaseExecutor</class>
      <method>doExecute</method>
      <line>389</line>
    </frame>
    <frame>
      <class>com.kms.katalon.core.main.TestCaseExecutor</class>
      <method>processExecutionPhase</method>
      <line>368</line>
    </frame>
    <frame>
      <class>com.kms.katalon.core.main.TestCaseExecutor</class>
      <method>accessMainPhase</method>
      <line>360</line>
    </frame>
    <frame>
      <class>com.kms.katalon.core.main.TestCaseExecutor</class>
      <method>execute</method>
      <line>255</line>
    </frame>
    <frame>
      <class>com.kms.katalon.core.main.TestSuiteExecutor</class>
      <method>accessTestCaseMainPhase</method>
      <line>203</line>
    </frame>
    <frame>
      <class>com.kms.katalon.core.main.TestSuiteExecutor</class>
      <method>accessTestSuiteMainPhase</method>
      <line>152</line>
    </frame>
    <frame>
      <class>com.kms.katalon.core.main.TestSuiteExecutor</class>
      <method>execute</method>
      <line>95</line>
    </frame>
    <frame>
      <class>com.kms.katalon.core.main.TestCaseMain</class>
      <method>startTestSuite</method>
      <line>157</line>
    </frame>
    <frame>
      <class>com.kms.katalon.core.main.TestCaseMain$startTestSuite$0</class>
      <method>call</method>
    </frame>
    <frame>
      <class>TempTestSuite1620485638510</class>
      <method>run</method>
      <line>39</line>
    </frame>
  </exception>
  <nestedLevel>0</nestedLevel>
  <escapedJava>false</escapedJava>
  <property name="failed.exception.stacktrace">java.lang.AssertionError: callees: [test_modifyTestObject] does not contain &quot;Page_CURA Healthcare Service/a_Got to Homepage&quot;
	at org.junit.Assert.fail(Assert.java:89)
	at org.junit.Assert.assertTrue(Assert.java:42)
	at com.kazurayam.ks.testobject.AssociatorTest.test_TestObjectInObjectRepository(AssociatorTest.groovy:30)
	at org.junit.runners.model.FrameworkMethod$1.runReflectiveCall(FrameworkMethod.java:59)
	at org.junit.internal.runners.model.ReflectiveCallable.run(ReflectiveCallable.java:12)
	at org.junit.runners.model.FrameworkMethod.invokeExplosively(FrameworkMethod.java:56)
	at org.junit.internal.runners.statements.InvokeMethod.evaluate(InvokeMethod.java:17)
	at org.junit.runners.ParentRunner$3.evaluate(ParentRunner.java:306)
	at org.junit.runners.BlockJUnit4ClassRunner$1.evaluate(BlockJUnit4ClassRunner.java:100)
	at org.junit.runners.ParentRunner.runLeaf(ParentRunner.java:366)
	at org.junit.runners.BlockJUnit4ClassRunner.runChild(BlockJUnit4ClassRunner.java:103)
	at org.junit.runners.BlockJUnit4ClassRunner.runChild(BlockJUnit4ClassRunner.java:63)
	at org.junit.runners.ParentRunner$4.run(ParentRunner.java:331)
	at org.junit.runners.ParentRunner$1.schedule(ParentRunner.java:79)
	at org.junit.runners.ParentRunner.runChildren(ParentRunner.java:329)
	at org.junit.runners.ParentRunner.access$100(ParentRunner.java:66)
	at org.junit.runners.ParentRunner$2.evaluate(ParentRunner.java:293)
	at org.junit.runners.ParentRunner$3.evaluate(ParentRunner.java:306)
	at org.junit.runners.ParentRunner.run(ParentRunner.java:413)
	at org.junit.runners.Suite.runChild(Suite.java:128)
	at org.junit.runners.Suite.runChild(Suite.java:27)
	at org.junit.runners.ParentRunner$4.run(ParentRunner.java:331)
	at org.junit.runners.ParentRunner$1.schedule(ParentRunner.java:79)
	at org.junit.runners.ParentRunner.runChildren(ParentRunner.java:329)
	at org.junit.runners.ParentRunner.access$100(ParentRunner.java:66)
	at org.junit.runners.ParentRunner$2.evaluate(ParentRunner.java:293)
	at org.junit.runners.ParentRunner$3.evaluate(ParentRunner.java:306)
	at org.junit.runners.ParentRunner.run(ParentRunner.java:413)
	at org.junit.runner.JUnitCore.run(JUnitCore.java:137)
	at org.junit.runner.JUnitCore.run(JUnitCore.java:115)
	at org.junit.runner.JUnitCore.run(JUnitCore.java:105)
	at com.kazurayam.junit4ks.JUnitCustomKeywords$_runWithJUnitRunner_closure1.doCall(JUnitCustomKeywords.groovy:138)
	at com.kazurayam.junit4ks.JUnitCustomKeywords$_runWithJUnitRunner_closure1.doCall(JUnitCustomKeywords.groovy)
	at com.kms.katalon.core.keyword.internal.KeywordMain.runKeyword(KeywordMain.groovy:68)
	at com.kms.katalon.core.keyword.internal.KeywordMain$runKeyword.call(Unknown Source)
	at com.kazurayam.junit4ks.JUnitCustomKeywords.runWithJUnitRunner(JUnitCustomKeywords.groovy:134)
	at com.kazurayam.junit4ks.JUnitCustomKeywords$runWithJUnitRunner$0.callStatic(Unknown Source)
	at com.kazurayam.junit4ks.JUnitCustomKeywords.runWithJUnitRunner(JUnitCustomKeywords.groovy:215)
	at com.kazurayam.junit4ks.JUnitCustomKeywords$runWithJUnitRunner.callStatic(Unknown Source)
	at AssociatorTestRunner.run(AssociatorTestRunner:4)
	at com.kms.katalon.core.main.ScriptEngine.run(ScriptEngine.java:194)
	at com.kms.katalon.core.main.ScriptEngine.runScriptAsRawText(ScriptEngine.java:119)
	at com.kms.katalon.core.main.TestCaseExecutor.runScript(TestCaseExecutor.java:398)
	at com.kms.katalon.core.main.TestCaseExecutor.doExecute(TestCaseExecutor.java:389)
	at com.kms.katalon.core.main.TestCaseExecutor.processExecutionPhase(TestCaseExecutor.java:368)
	at com.kms.katalon.core.main.TestCaseExecutor.accessMainPhase(TestCaseExecutor.java:360)
	at com.kms.katalon.core.main.TestCaseExecutor.execute(TestCaseExecutor.java:255)
	at com.kms.katalon.core.main.TestSuiteExecutor.accessTestCaseMainPhase(TestSuiteExecutor.java:203)
	at com.kms.katalon.core.main.TestSuiteExecutor.accessTestSuiteMainPhase(TestSuiteExecutor.java:152)
	at com.kms.katalon.core.main.TestSuiteExecutor.execute(TestSuiteExecutor.java:95)
	at com.kms.katalon.core.main.TestCaseMain.startTestSuite(TestCaseMain.java:157)
	at com.kms.katalon.core.main.TestCaseMain$startTestSuite$0.call(Unknown Source)
	at TempTestSuite1620485638510.run(TempTestSuite1620485638510.groovy:39)
</property>
  <property name="failed.exception.class">java.lang.AssertionError</property>
  <property name="failed.exception.message">callees: [test_modifyTestObject] does not contain &quot;Page_CURA Healthcare Service/a_Got to Homepage&quot;</property>
</record>
<record>
  <date>2021-05-08T23:54:10</date>
  <millis>1620485650920</millis>
  <sequence>30</sequence>
  <level>END</level>
  <class>com.kms.katalon.core.logging.XmlKeywordLogger</class>
  <method>endTest</method>
  <thread>1</thread>
  <message>End Test Case : test_TestObjectInObjectRepository(com.kazurayam.ks.testobject.AssociatorTest)</message>
  <nestedLevel>1</nestedLevel>
  <escapedJava>false</escapedJava>
</record>
<record>
  <date>2021-05-08T23:54:11</date>
  <millis>1620485651003</millis>
  <sequence>32</sequence>
  <level>FAILED</level>
  <class>com.kms.katalon.core.logging.XmlKeywordLogger</class>
  <method>logMessage</method>
  <thread>1</thread>
  <message>These following reason:
 [
	java.lang.AssertionError: callees: [test_modifyTestObject] does not contain &amp;quot;Page_CURA Healthcare Service/a_Got to Homepage&amp;quot;
		at org.junit.Assert.fail(Assert.java:89)
		at org.junit.Assert.assertTrue(Assert.java:42)
		at com.kazurayam.ks.testobject.AssociatorTest.test_TestObjectInObjectRepository(AssociatorTest.groovy:30)
		at org.junit.runners.model.FrameworkMethod$1.runReflectiveCall(FrameworkMethod.java:59)
		at org.junit.internal.runners.model.ReflectiveCallable.run(ReflectiveCallable.java:12)
		at org.junit.runners.model.FrameworkMethod.invokeExplosively(FrameworkMethod.java:56)
		at org.junit.internal.runners.statements.InvokeMethod.evaluate(InvokeMethod.java:17)
		at org.junit.runners.ParentRunner$3.evaluate(ParentRunner.java:306)
		at org.junit.runners.BlockJUnit4ClassRunner$1.evaluate(BlockJUnit4ClassRunner.java:100)
		at org.junit.runners.ParentRunner.runLeaf(ParentRunner.java:366)
		at org.junit.runners.BlockJUnit4ClassRunner.runChild(BlockJUnit4ClassRunner.java:103)
		at org.junit.runners.BlockJUnit4ClassRunner.runChild(BlockJUnit4ClassRunner.java:63)
		at org.junit.runners.ParentRunner$4.run(ParentRunner.java:331)
		at org.junit.runners.ParentRunner$1.schedule(ParentRunner.java:79)
		at org.junit.runners.ParentRunner.runChildren(ParentRunner.java:329)
		at org.junit.runners.ParentRunner.access$100(ParentRunner.java:66)
		at org.junit.runners.ParentRunner$2.evaluate(ParentRunner.java:293)
		at org.junit.runners.ParentRunner$3.evaluate(ParentRunner.java:306)
		at org.junit.runners.ParentRunner.run(ParentRunner.java:413)
		at org.junit.runners.Suite.runChild(Suite.java:128)
		at org.junit.runners.Suite.runChild(Suite.java:27)
		at org.junit.runners.ParentRunner$4.run(ParentRunner.java:331)
		at org.junit.runners.ParentRunner$1.schedule(ParentRunner.java:79)
		at org.junit.runners.ParentRunner.runChildren(ParentRunner.java:329)
		at org.junit.runners.ParentRunner.access$100(ParentRunner.java:66)
		at org.junit.runners.ParentRunner$2.evaluate(ParentRunner.java:293)
		at org.junit.runners.ParentRunner$3.evaluate(ParentRunner.java:306)
		at org.junit.runners.ParentRunner.run(ParentRunner.java:413)
		at org.junit.runner.JUnitCore.run(JUnitCore.java:137)
		at org.junit.runner.JUnitCore.run(JUnitCore.java:115)
		at org.junit.runner.JUnitCore.run(JUnitCore.java:105)
		at com.kazurayam.junit4ks.JUnitCustomKeywords$_runWithJUnitRunner_closure1.doCall(JUnitCustomKeywords.groovy:138)
		at com.kazurayam.junit4ks.JUnitCustomKeywords$_runWithJUnitRunner_closure1.doCall(JUnitCustomKeywords.groovy)
		at com.kms.katalon.core.keyword.internal.KeywordMain.runKeyword(KeywordMain.groovy:68)
		at com.kms.katalon.core.keyword.internal.KeywordMain$runKeyword.call(Unknown Source)
		at com.kazurayam.junit4ks.JUnitCustomKeywords.runWithJUnitRunner(JUnitCustomKeywords.groovy:134)
		at com.kazurayam.junit4ks.JUnitCustomKeywords$runWithJUnitRunner$0.callStatic(Unknown Source)
		at com.kazurayam.junit4ks.JUnitCustomKeywords.runWithJUnitRunner(JUnitCustomKeywords.groovy:215)
		at com.kazurayam.junit4ks.JUnitCustomKeywords$runWithJUnitRunner.callStatic(Unknown Source)
		at AssociatorTestRunner.run(AssociatorTestRunner:4)
		at com.kms.katalon.core.main.ScriptEngine.run(ScriptEngine.java:194)
		at com.kms.katalon.core.main.ScriptEngine.runScriptAsRawText(ScriptEngine.java:119)
		at com.kms.katalon.core.main.TestCaseExecutor.runScript(TestCaseExecutor.java:398)
		at com.kms.katalon.core.main.TestCaseExecutor.doExecute(TestCaseExecutor.java:389)
		at com.kms.katalon.core.main.TestCaseExecutor.processExecutionPhase(TestCaseExecutor.java:368)
		at com.kms.katalon.core.main.TestCaseExecutor.accessMainPhase(TestCaseExecutor.java:360)
		at com.kms.katalon.core.main.TestCaseExecutor.execute(TestCaseExecutor.java:255)
		at com.kms.katalon.core.main.TestSuiteExecutor.accessTestCaseMainPhase(TestSuiteExecutor.java:203)
		at com.kms.katalon.core.main.TestSuiteExecutor.accessTestSuiteMainPhase(TestSuiteExecutor.java:152)
		at com.kms.katalon.core.main.TestSuiteExecutor.execute(TestSuiteExecutor.java:95)
		at com.kms.katalon.core.main.TestCaseMain.startTestSuite(TestCaseMain.java:157)
		at com.kms.katalon.core.main.TestCaseMain$startTestSuite$0.call(Unknown Source)
		at TempTestSuite1620485638510.run(TempTestSuite1620485638510.groovy:39)
	]</message>
  <nestedLevel>1</nestedLevel>
  <escapedJava>false</escapedJava>
  <property name="testops-method-name">com.kms.katalon.core.keyword.internal.KeywordMain$runKeyword.call</property>
  <property name="testops-execution-stacktrace">com.kms.katalon.core.logging.testops.TestOpsLogHelper.handleFailedLogEntry(TestOpsLogHelper.java:112)
com.kms.katalon.core.logging.KeywordLogger.logFailed(KeywordLogger.java:277)
com.kms.katalon.core.keyword.internal.KeywordMain.stepFailed(KeywordMain.groovy:43)
com.kms.katalon.core.keyword.internal.KeywordMain.stepFailed(KeywordMain.groovy)
com.kms.katalon.core.keyword.internal.KeywordMain.stepFailed(KeywordMain.groovy:23)
com.kms.katalon.core.keyword.internal.KeywordMain$stepFailed$0.call(Unknown Source)
com.kazurayam.junit4ks.JUnitCustomKeywords$_runWithJUnitRunner_closure1.doCall(JUnitCustomKeywords.groovy:150)
com.kazurayam.junit4ks.JUnitCustomKeywords$_runWithJUnitRunner_closure1.doCall(JUnitCustomKeywords.groovy)
com.kms.katalon.core.keyword.internal.KeywordMain.runKeyword(KeywordMain.groovy:68)
com.kms.katalon.core.keyword.internal.KeywordMain$runKeyword.call(Unknown Source)
com.kazurayam.junit4ks.JUnitCustomKeywords.runWithJUnitRunner(JUnitCustomKeywords.groovy:134)
com.kazurayam.junit4ks.JUnitCustomKeywords$runWithJUnitRunner$0.callStatic(Unknown Source)
com.kazurayam.junit4ks.JUnitCustomKeywords.runWithJUnitRunner(JUnitCustomKeywords.groovy:215)
com.kazurayam.junit4ks.JUnitCustomKeywords$runWithJUnitRunner.callStatic(Unknown Source)
AssociatorTestRunner.run(AssociatorTestRunner:4)
</property>
</record>
<record>
  <date>2021-05-08T23:54:11</date>
  <millis>1620485651016</millis>
  <sequence>36</sequence>
  <level>FAILED</level>
  <class>com.kms.katalon.core.logging.XmlKeywordLogger</class>
  <method>logMessage</method>
  <thread>1</thread>
  <message>Keyword runWithJUnitRunner failed (Root cause: com.kms.katalon.core.exception.StepFailedException: These following reason:
 [
	java.lang.AssertionError: callees: [test_modifyTestObject] does not contain &amp;quot;Page_CURA Healthcare Service/a_Got to Homepage&amp;quot;
		at org.junit.Assert.fail(Assert.java:89)
		at org.junit.Assert.assertTrue(Assert.java:42)
		at com.kazurayam.ks.testobject.AssociatorTest.test_TestObjectInObjectRepository(AssociatorTest.groovy:30)
		at org.junit.runners.model.FrameworkMethod$1.runReflectiveCall(FrameworkMethod.java:59)
		at org.junit.internal.runners.model.ReflectiveCallable.run(ReflectiveCallable.java:12)
		at org.junit.runners.model.FrameworkMethod.invokeExplosively(FrameworkMethod.java:56)
		at org.junit.internal.runners.statements.InvokeMethod.evaluate(InvokeMethod.java:17)
		at org.junit.runners.ParentRunner$3.evaluate(ParentRunner.java:306)
		at org.junit.runners.BlockJUnit4ClassRunner$1.evaluate(BlockJUnit4ClassRunner.java:100)
		at org.junit.runners.ParentRunner.runLeaf(ParentRunner.java:366)
		at org.junit.runners.BlockJUnit4ClassRunner.runChild(BlockJUnit4ClassRunner.java:103)
		at org.junit.runners.BlockJUnit4ClassRunner.runChild(BlockJUnit4ClassRunner.java:63)
		at org.junit.runners.ParentRunner$4.run(ParentRunner.java:331)
		at org.junit.runners.ParentRunner$1.schedule(ParentRunner.java:79)
		at org.junit.runners.ParentRunner.runChildren(ParentRunner.java:329)
		at org.junit.runners.ParentRunner.access$100(ParentRunner.java:66)
		at org.junit.runners.ParentRunner$2.evaluate(ParentRunner.java:293)
		at org.junit.runners.ParentRunner$3.evaluate(ParentRunner.java:306)
		at org.junit.runners.ParentRunner.run(ParentRunner.java:413)
		at org.junit.runners.Suite.runChild(Suite.java:128)
		at org.junit.runners.Suite.runChild(Suite.java:27)
		at org.junit.runners.ParentRunner$4.run(ParentRunner.java:331)
		at org.junit.runners.ParentRunner$1.schedule(ParentRunner.java:79)
		at org.junit.runners.ParentRunner.runChildren(ParentRunner.java:329)
		at org.junit.runners.ParentRunner.access$100(ParentRunner.java:66)
		at org.junit.runners.ParentRunner$2.evaluate(ParentRunner.java:293)
		at org.junit.runners.ParentRunner$3.evaluate(ParentRunner.java:306)
		at org.junit.runners.ParentRunner.run(ParentRunner.java:413)
		at org.junit.runner.JUnitCore.run(JUnitCore.java:137)
		at org.junit.runner.JUnitCore.run(JUnitCore.java:115)
		at org.junit.runner.JUnitCore.run(JUnitCore.java:105)
		at com.kazurayam.junit4ks.JUnitCustomKeywords$_runWithJUnitRunner_closure1.doCall(JUnitCustomKeywords.groovy:138)
		at com.kazurayam.junit4ks.JUnitCustomKeywords$_runWithJUnitRunner_closure1.doCall(JUnitCustomKeywords.groovy)
		at com.kms.katalon.core.keyword.internal.KeywordMain.runKeyword(KeywordMain.groovy:68)
		at com.kms.katalon.core.keyword.internal.KeywordMain$runKeyword.call(Unknown Source)
		at com.kazurayam.junit4ks.JUnitCustomKeywords.runWithJUnitRunner(JUnitCustomKeywords.groovy:134)
		at com.kazurayam.junit4ks.JUnitCustomKeywords$runWithJUnitRunner$0.callStatic(Unknown Source)
		at com.kazurayam.junit4ks.JUnitCustomKeywords.runWithJUnitRunner(JUnitCustomKeywords.groovy:215)
		at com.kazurayam.junit4ks.JUnitCustomKeywords$runWithJUnitRunner.callStatic(Unknown Source)
		at AssociatorTestRunner.run(AssociatorTestRunner:4)
		at com.kms.katalon.core.main.ScriptEngine.run(ScriptEngine.java:194)
		at com.kms.katalon.core.main.ScriptEngine.runScriptAsRawText(ScriptEngine.java:119)
		at com.kms.katalon.core.main.TestCaseExecutor.runScript(TestCaseExecutor.java:398)
		at com.kms.katalon.core.main.TestCaseExecutor.doExecute(TestCaseExecutor.java:389)
		at com.kms.katalon.core.main.TestCaseExecutor.processExecutionPhase(TestCaseExecutor.java:368)
		at com.kms.katalon.core.main.TestCaseExecutor.accessMainPhase(TestCaseExecutor.java:360)
		at com.kms.katalon.core.main.TestCaseExecutor.execute(TestCaseExecutor.java:255)
		at com.kms.katalon.core.main.TestSuiteExecutor.accessTestCaseMainPhase(TestSuiteExecutor.java:203)
		at com.kms.katalon.core.main.TestSuiteExecutor.accessTestSuiteMainPhase(TestSuiteExecutor.java:152)
		at com.kms.katalon.core.main.TestSuiteExecutor.execute(TestSuiteExecutor.java:95)
		at com.kms.katalon.core.main.TestCaseMain.startTestSuite(TestCaseMain.java:157)
		at com.kms.katalon.core.main.TestCaseMain$startTestSuite$0.call(Unknown Source)
		at TempTestSuite1620485638510.run(TempTestSuite1620485638510.groovy:39)
	]
	at com.kms.katalon.core.keyword.internal.KeywordMain.stepFailed(KeywordMain.groovy:50)
	at com.kms.katalon.core.keyword.internal.KeywordMain.stepFailed(KeywordMain.groovy)
	at com.kms.katalon.core.keyword.internal.KeywordMain.stepFailed(KeywordMain.groovy:23)
	at com.kms.katalon.core.keyword.internal.KeywordMain$stepFailed$0.call(Unknown Source)
	at com.kazurayam.junit4ks.JUnitCustomKeywords$_runWithJUnitRunner_closure1.doCall(JUnitCustomKeywords.groovy:150)
	at com.kazurayam.junit4ks.JUnitCustomKeywords$_runWithJUnitRunner_closure1.doCall(JUnitCustomKeywords.groovy)
	at com.kms.katalon.core.keyword.internal.KeywordMain.runKeyword(KeywordMain.groovy:68)
	at com.kms.katalon.core.keyword.internal.KeywordMain$runKeyword.call(Unknown Source)
	at com.kazurayam.junit4ks.JUnitCustomKeywords.runWithJUnitRunner(JUnitCustomKeywords.groovy:134)
	at com.kazurayam.junit4ks.JUnitCustomKeywords$runWithJUnitRunner$0.callStatic(Unknown Source)
	at com.kazurayam.junit4ks.JUnitCustomKeywords.runWithJUnitRunner(JUnitCustomKeywords.groovy:215)
	at com.kazurayam.junit4ks.JUnitCustomKeywords$runWithJUnitRunner.callStatic(Unknown Source)
	at AssociatorTestRunner.run(AssociatorTestRunner:4)
	at com.kms.katalon.core.main.ScriptEngine.run(ScriptEngine.java:194)
	at com.kms.katalon.core.main.ScriptEngine.runScriptAsRawText(ScriptEngine.java:119)
	at com.kms.katalon.core.main.TestCaseExecutor.runScript(TestCaseExecutor.java:398)
	at com.kms.katalon.core.main.TestCaseExecutor.doExecute(TestCaseExecutor.java:389)
	at com.kms.katalon.core.main.TestCaseExecutor.processExecutionPhase(TestCaseExecutor.java:368)
	at com.kms.katalon.core.main.TestCaseExecutor.accessMainPhase(TestCaseExecutor.java:360)
	at com.kms.katalon.core.main.TestCaseExecutor.execute(TestCaseExecutor.java:255)
	at com.kms.katalon.core.main.TestSuiteExecutor.accessTestCaseMainPhase(TestSuiteExecutor.java:203)
	at com.kms.katalon.core.main.TestSuiteExecutor.accessTestSuiteMainPhase(TestSuiteExecutor.java:152)
	at com.kms.katalon.core.main.TestSuiteExecutor.execute(TestSuiteExecutor.java:95)
	at com.kms.katalon.core.main.TestCaseMain.startTestSuite(TestCaseMain.java:157)
	at com.kms.katalon.core.main.TestCaseMain$startTestSuite$0.call(Unknown Source)
	at TempTestSuite1620485638510.run(TempTestSuite1620485638510.groovy:39)
)</message>
  <nestedLevel>1</nestedLevel>
  <escapedJava>false</escapedJava>
  <property name="failed.exception.stacktrace">com.kms.katalon.core.exception.StepFailedException: These following reason:
 [
	java.lang.AssertionError: callees: [test_modifyTestObject] does not contain &quot;Page_CURA Healthcare Service/a_Got to Homepage&quot;
		at org.junit.Assert.fail(Assert.java:89)
		at org.junit.Assert.assertTrue(Assert.java:42)
		at com.kazurayam.ks.testobject.AssociatorTest.test_TestObjectInObjectRepository(AssociatorTest.groovy:30)
		at org.junit.runners.model.FrameworkMethod$1.runReflectiveCall(FrameworkMethod.java:59)
		at org.junit.internal.runners.model.ReflectiveCallable.run(ReflectiveCallable.java:12)
		at org.junit.runners.model.FrameworkMethod.invokeExplosively(FrameworkMethod.java:56)
		at org.junit.internal.runners.statements.InvokeMethod.evaluate(InvokeMethod.java:17)
		at org.junit.runners.ParentRunner$3.evaluate(ParentRunner.java:306)
		at org.junit.runners.BlockJUnit4ClassRunner$1.evaluate(BlockJUnit4ClassRunner.java:100)
		at org.junit.runners.ParentRunner.runLeaf(ParentRunner.java:366)
		at org.junit.runners.BlockJUnit4ClassRunner.runChild(BlockJUnit4ClassRunner.java:103)
		at org.junit.runners.BlockJUnit4ClassRunner.runChild(BlockJUnit4ClassRunner.java:63)
		at org.junit.runners.ParentRunner$4.run(ParentRunner.java:331)
		at org.junit.runners.ParentRunner$1.schedule(ParentRunner.java:79)
		at org.junit.runners.ParentRunner.runChildren(ParentRunner.java:329)
		at org.junit.runners.ParentRunner.access$100(ParentRunner.java:66)
		at org.junit.runners.ParentRunner$2.evaluate(ParentRunner.java:293)
		at org.junit.runners.ParentRunner$3.evaluate(ParentRunner.java:306)
		at org.junit.runners.ParentRunner.run(ParentRunner.java:413)
		at org.junit.runners.Suite.runChild(Suite.java:128)
		at org.junit.runners.Suite.runChild(Suite.java:27)
		at org.junit.runners.ParentRunner$4.run(ParentRunner.java:331)
		at org.junit.runners.ParentRunner$1.schedule(ParentRunner.java:79)
		at org.junit.runners.ParentRunner.runChildren(ParentRunner.java:329)
		at org.junit.runners.ParentRunner.access$100(ParentRunner.java:66)
		at org.junit.runners.ParentRunner$2.evaluate(ParentRunner.java:293)
		at org.junit.runners.ParentRunner$3.evaluate(ParentRunner.java:306)
		at org.junit.runners.ParentRunner.run(ParentRunner.java:413)
		at org.junit.runner.JUnitCore.run(JUnitCore.java:137)
		at org.junit.runner.JUnitCore.run(JUnitCore.java:115)
		at org.junit.runner.JUnitCore.run(JUnitCore.java:105)
		at com.kazurayam.junit4ks.JUnitCustomKeywords$_runWithJUnitRunner_closure1.doCall(JUnitCustomKeywords.groovy:138)
		at com.kazurayam.junit4ks.JUnitCustomKeywords$_runWithJUnitRunner_closure1.doCall(JUnitCustomKeywords.groovy)
		at com.kms.katalon.core.keyword.internal.KeywordMain.runKeyword(KeywordMain.groovy:68)
		at com.kms.katalon.core.keyword.internal.KeywordMain$runKeyword.call(Unknown Source)
		at com.kazurayam.junit4ks.JUnitCustomKeywords.runWithJUnitRunner(JUnitCustomKeywords.groovy:134)
		at com.kazurayam.junit4ks.JUnitCustomKeywords$runWithJUnitRunner$0.callStatic(Unknown Source)
		at com.kazurayam.junit4ks.JUnitCustomKeywords.runWithJUnitRunner(JUnitCustomKeywords.groovy:215)
		at com.kazurayam.junit4ks.JUnitCustomKeywords$runWithJUnitRunner.callStatic(Unknown Source)
		at AssociatorTestRunner.run(AssociatorTestRunner:4)
		at com.kms.katalon.core.main.ScriptEngine.run(ScriptEngine.java:194)
		at com.kms.katalon.core.main.ScriptEngine.runScriptAsRawText(ScriptEngine.java:119)
		at com.kms.katalon.core.main.TestCaseExecutor.runScript(TestCaseExecutor.java:398)
		at com.kms.katalon.core.main.TestCaseExecutor.doExecute(TestCaseExecutor.java:389)
		at com.kms.katalon.core.main.TestCaseExecutor.processExecutionPhase(TestCaseExecutor.java:368)
		at com.kms.katalon.core.main.TestCaseExecutor.accessMainPhase(TestCaseExecutor.java:360)
		at com.kms.katalon.core.main.TestCaseExecutor.execute(TestCaseExecutor.java:255)
		at com.kms.katalon.core.main.TestSuiteExecutor.accessTestCaseMainPhase(TestSuiteExecutor.java:203)
		at com.kms.katalon.core.main.TestSuiteExecutor.accessTestSuiteMainPhase(TestSuiteExecutor.java:152)
		at com.kms.katalon.core.main.TestSuiteExecutor.execute(TestSuiteExecutor.java:95)
		at com.kms.katalon.core.main.TestCaseMain.startTestSuite(TestCaseMain.java:157)
		at com.kms.katalon.core.main.TestCaseMain$startTestSuite$0.call(Unknown Source)
		at TempTestSuite1620485638510.run(TempTestSuite1620485638510.groovy:39)
	]
	at com.kms.katalon.core.keyword.internal.KeywordMain.stepFailed(KeywordMain.groovy:50)
	at com.kms.katalon.core.keyword.internal.KeywordMain.stepFailed(KeywordMain.groovy)
	at com.kms.katalon.core.keyword.internal.KeywordMain.stepFailed(KeywordMain.groovy:23)
	at com.kms.katalon.core.keyword.internal.KeywordMain$stepFailed$0.call(Unknown Source)
	at com.kazurayam.junit4ks.JUnitCustomKeywords$_runWithJUnitRunner_closure1.doCall(JUnitCustomKeywords.groovy:150)
	at com.kazurayam.junit4ks.JUnitCustomKeywords$_runWithJUnitRunner_closure1.doCall(JUnitCustomKeywords.groovy)
	at com.kms.katalon.core.keyword.internal.KeywordMain.runKeyword(KeywordMain.groovy:68)
	at com.kms.katalon.core.keyword.internal.KeywordMain$runKeyword.call(Unknown Source)
	at com.kazurayam.junit4ks.JUnitCustomKeywords.runWithJUnitRunner(JUnitCustomKeywords.groovy:134)
	at com.kazurayam.junit4ks.JUnitCustomKeywords$runWithJUnitRunner$0.callStatic(Unknown Source)
	at com.kazurayam.junit4ks.JUnitCustomKeywords.runWithJUnitRunner(JUnitCustomKeywords.groovy:215)
	at com.kazurayam.junit4ks.JUnitCustomKeywords$runWithJUnitRunner.callStatic(Unknown Source)
	at AssociatorTestRunner.run(AssociatorTestRunner:4)
	at com.kms.katalon.core.main.ScriptEngine.run(ScriptEngine.java:194)
	at com.kms.katalon.core.main.ScriptEngine.runScriptAsRawText(ScriptEngine.java:119)
	at com.kms.katalon.core.main.TestCaseExecutor.runScript(TestCaseExecutor.java:398)
	at com.kms.katalon.core.main.TestCaseExecutor.doExecute(TestCaseExecutor.java:389)
	at com.kms.katalon.core.main.TestCaseExecutor.processExecutionPhase(TestCaseExecutor.java:368)
	at com.kms.katalon.core.main.TestCaseExecutor.accessMainPhase(TestCaseExecutor.java:360)
	at com.kms.katalon.core.main.TestCaseExecutor.execute(TestCaseExecutor.java:255)
	at com.kms.katalon.core.main.TestSuiteExecutor.accessTestCaseMainPhase(TestSuiteExecutor.java:203)
	at com.kms.katalon.core.main.TestSuiteExecutor.accessTestSuiteMainPhase(TestSuiteExecutor.java:152)
	at com.kms.katalon.core.main.TestSuiteExecutor.execute(TestSuiteExecutor.java:95)
	at com.kms.katalon.core.main.TestCaseMain.startTestSuite(TestCaseMain.java:157)
	at com.kms.katalon.core.main.TestCaseMain$startTestSuite$0.call(Unknown Source)
	at TempTestSuite1620485638510.run(TempTestSuite1620485638510.groovy:39)
</property>
  <property name="failed.exception.class">com.kms.katalon.core.exception.StepFailedException</property>
  <property name="testops-method-name">com.kms.katalon.core.keyword.internal.KeywordMain$runKeyword.call</property>
  <property name="testops-execution-stacktrace">com.kms.katalon.core.logging.testops.TestOpsLogHelper.handleFailedLogEntry(TestOpsLogHelper.java:112)
com.kms.katalon.core.logging.KeywordLogger.logFailed(KeywordLogger.java:277)
com.kms.katalon.core.keyword.internal.KeywordMain.stepFailed(KeywordMain.groovy:43)
com.kms.katalon.core.keyword.internal.KeywordMain.stepFailed(KeywordMain.groovy)
com.kms.katalon.core.keyword.internal.KeywordMain.runKeyword(KeywordMain.groovy:70)
com.kms.katalon.core.keyword.internal.KeywordMain$runKeyword.call(Unknown Source)
com.kazurayam.junit4ks.JUnitCustomKeywords.runWithJUnitRunner(JUnitCustomKeywords.groovy:134)
com.kazurayam.junit4ks.JUnitCustomKeywords$runWithJUnitRunner$0.callStatic(Unknown Source)
com.kazurayam.junit4ks.JUnitCustomKeywords.runWithJUnitRunner(JUnitCustomKeywords.groovy:215)
com.kazurayam.junit4ks.JUnitCustomKeywords$runWithJUnitRunner.callStatic(Unknown Source)
AssociatorTestRunner.run(AssociatorTestRunner:4)
</property>
  <property name="failed.exception.message">These following reason:
 [
	java.lang.AssertionError: callees: [test_modifyTestObject] does not contain &quot;Page_CURA Healthcare Service/a_Got to Homepage&quot;
		at org.junit.Assert.fail(Assert.java:89)
		at org.junit.Assert.assertTrue(Assert.java:42)
		at com.kazurayam.ks.testobject.AssociatorTest.test_TestObjectInObjectRepository(AssociatorTest.groovy:30)
		at org.junit.runners.model.FrameworkMethod$1.runReflectiveCall(FrameworkMethod.java:59)
		at org.junit.internal.runners.model.ReflectiveCallable.run(ReflectiveCallable.java:12)
		at org.junit.runners.model.FrameworkMethod.invokeExplosively(FrameworkMethod.java:56)
		at org.junit.internal.runners.statements.InvokeMethod.evaluate(InvokeMethod.java:17)
		at org.junit.runners.ParentRunner$3.evaluate(ParentRunner.java:306)
		at org.junit.runners.BlockJUnit4ClassRunner$1.evaluate(BlockJUnit4ClassRunner.java:100)
		at org.junit.runners.ParentRunner.runLeaf(ParentRunner.java:366)
		at org.junit.runners.BlockJUnit4ClassRunner.runChild(BlockJUnit4ClassRunner.java:103)
		at org.junit.runners.BlockJUnit4ClassRunner.runChild(BlockJUnit4ClassRunner.java:63)
		at org.junit.runners.ParentRunner$4.run(ParentRunner.java:331)
		at org.junit.runners.ParentRunner$1.schedule(ParentRunner.java:79)
		at org.junit.runners.ParentRunner.runChildren(ParentRunner.java:329)
		at org.junit.runners.ParentRunner.access$100(ParentRunner.java:66)
		at org.junit.runners.ParentRunner$2.evaluate(ParentRunner.java:293)
		at org.junit.runners.ParentRunner$3.evaluate(ParentRunner.java:306)
		at org.junit.runners.ParentRunner.run(ParentRunner.java:413)
		at org.junit.runners.Suite.runChild(Suite.java:128)
		at org.junit.runners.Suite.runChild(Suite.java:27)
		at org.junit.runners.ParentRunner$4.run(ParentRunner.java:331)
		at org.junit.runners.ParentRunner$1.schedule(ParentRunner.java:79)
		at org.junit.runners.ParentRunner.runChildren(ParentRunner.java:329)
		at org.junit.runners.ParentRunner.access$100(ParentRunner.java:66)
		at org.junit.runners.ParentRunner$2.evaluate(ParentRunner.java:293)
		at org.junit.runners.ParentRunner$3.evaluate(ParentRunner.java:306)
		at org.junit.runners.ParentRunner.run(ParentRunner.java:413)
		at org.junit.runner.JUnitCore.run(JUnitCore.java:137)
		at org.junit.runner.JUnitCore.run(JUnitCore.java:115)
		at org.junit.runner.JUnitCore.run(JUnitCore.java:105)
		at com.kazurayam.junit4ks.JUnitCustomKeywords$_runWithJUnitRunner_closure1.doCall(JUnitCustomKeywords.groovy:138)
		at com.kazurayam.junit4ks.JUnitCustomKeywords$_runWithJUnitRunner_closure1.doCall(JUnitCustomKeywords.groovy)
		at com.kms.katalon.core.keyword.internal.KeywordMain.runKeyword(KeywordMain.groovy:68)
		at com.kms.katalon.core.keyword.internal.KeywordMain$runKeyword.call(Unknown Source)
		at com.kazurayam.junit4ks.JUnitCustomKeywords.runWithJUnitRunner(JUnitCustomKeywords.groovy:134)
		at com.kazurayam.junit4ks.JUnitCustomKeywords$runWithJUnitRunner$0.callStatic(Unknown Source)
		at com.kazurayam.junit4ks.JUnitCustomKeywords.runWithJUnitRunner(JUnitCustomKeywords.groovy:215)
		at com.kazurayam.junit4ks.JUnitCustomKeywords$runWithJUnitRunner.callStatic(Unknown Source)
		at AssociatorTestRunner.run(AssociatorTestRunner:4)
		at com.kms.katalon.core.main.ScriptEngine.run(ScriptEngine.java:194)
		at com.kms.katalon.core.main.ScriptEngine.runScriptAsRawText(ScriptEngine.java:119)
		at com.kms.katalon.core.main.TestCaseExecutor.runScript(TestCaseExecutor.java:398)
		at com.kms.katalon.core.main.TestCaseExecutor.doExecute(TestCaseExecutor.java:389)
		at com.kms.katalon.core.main.TestCaseExecutor.processExecutionPhase(TestCaseExecutor.java:368)
		at com.kms.katalon.core.main.TestCaseExecutor.accessMainPhase(TestCaseExecutor.java:360)
		at com.kms.katalon.core.main.TestCaseExecutor.execute(TestCaseExecutor.java:255)
		at com.kms.katalon.core.main.TestSuiteExecutor.accessTestCaseMainPhase(TestSuiteExecutor.java:203)
		at com.kms.katalon.core.main.TestSuiteExecutor.accessTestSuiteMainPhase(TestSuiteExecutor.java:152)
		at com.kms.katalon.core.main.TestSuiteExecutor.execute(TestSuiteExecutor.java:95)
		at com.kms.katalon.core.main.TestCaseMain.startTestSuite(TestCaseMain.java:157)
		at com.kms.katalon.core.main.TestCaseMain$startTestSuite$0.call(Unknown Source)
		at TempTestSuite1620485638510.run(TempTestSuite1620485638510.groovy:39)
	]</property>
</record>
<record>
  <date>2021-05-08T23:54:11</date>
  <millis>1620485651024</millis>
  <sequence>37</sequence>
  <level>END</level>
  <class>com.kms.katalon.core.logging.XmlKeywordLogger</class>
  <method>endKeyword</method>
  <thread>1</thread>
  <message>End action : JUnitCustomKeywords.runWithJUnitRunner(com.kazurayam.ks.testobject.AssociatorTest)</message>
  <nestedLevel>1</nestedLevel>
  <escapedJava>false</escapedJava>
</record>
<record>
  <date>2021-05-08T23:54:11</date>
  <millis>1620485651028</millis>
  <sequence>39</sequence>
  <level>FAILED</level>
  <class>com.kms.katalon.core.logging.XmlKeywordLogger</class>
  <method>logMessage</method>
  <thread>1</thread>
  <message>Test Cases/junittest/AssociatorTestRunner FAILED.
Reason:
com.kms.katalon.core.exception.StepFailedException: These following reason:
 [
	java.lang.AssertionError: callees: [test_modifyTestObject] does not contain &amp;quot;Page_CURA Healthcare Service/a_Got to Homepage&amp;quot;
		at org.junit.Assert.fail(Assert.java:89)
		at org.junit.Assert.assertTrue(Assert.java:42)
		at com.kazurayam.ks.testobject.AssociatorTest.test_TestObjectInObjectRepository(AssociatorTest.groovy:30)
		at org.junit.runners.model.FrameworkMethod$1.runReflectiveCall(FrameworkMethod.java:59)
		at org.junit.internal.runners.model.ReflectiveCallable.run(ReflectiveCallable.java:12)
		at org.junit.runners.model.FrameworkMethod.invokeExplosively(FrameworkMethod.java:56)
		at org.junit.internal.runners.statements.InvokeMethod.evaluate(InvokeMethod.java:17)
		at org.junit.runners.ParentRunner$3.evaluate(ParentRunner.java:306)
		at org.junit.runners.BlockJUnit4ClassRunner$1.evaluate(BlockJUnit4ClassRunner.java:100)
		at org.junit.runners.ParentRunner.runLeaf(ParentRunner.java:366)
		at org.junit.runners.BlockJUnit4ClassRunner.runChild(BlockJUnit4ClassRunner.java:103)
		at org.junit.runners.BlockJUnit4ClassRunner.runChild(BlockJUnit4ClassRunner.java:63)
		at org.junit.runners.ParentRunner$4.run(ParentRunner.java:331)
		at org.junit.runners.ParentRunner$1.schedule(ParentRunner.java:79)
		at org.junit.runners.ParentRunner.runChildren(ParentRunner.java:329)
		at org.junit.runners.ParentRunner.access$100(ParentRunner.java:66)
		at org.junit.runners.ParentRunner$2.evaluate(ParentRunner.java:293)
		at org.junit.runners.ParentRunner$3.evaluate(ParentRunner.java:306)
		at org.junit.runners.ParentRunner.run(ParentRunner.java:413)
		at org.junit.runners.Suite.runChild(Suite.java:128)
		at org.junit.runners.Suite.runChild(Suite.java:27)
		at org.junit.runners.ParentRunner$4.run(ParentRunner.java:331)
		at org.junit.runners.ParentRunner$1.schedule(ParentRunner.java:79)
		at org.junit.runners.ParentRunner.runChildren(ParentRunner.java:329)
		at org.junit.runners.ParentRunner.access$100(ParentRunner.java:66)
		at org.junit.runners.ParentRunner$2.evaluate(ParentRunner.java:293)
		at org.junit.runners.ParentRunner$3.evaluate(ParentRunner.java:306)
		at org.junit.runners.ParentRunner.run(ParentRunner.java:413)
		at org.junit.runner.JUnitCore.run(JUnitCore.java:137)
		at org.junit.runner.JUnitCore.run(JUnitCore.java:115)
		at org.junit.runner.JUnitCore.run(JUnitCore.java:105)
		at com.kazurayam.junit4ks.JUnitCustomKeywords$_runWithJUnitRunner_closure1.doCall(JUnitCustomKeywords.groovy:138)
		at com.kazurayam.junit4ks.JUnitCustomKeywords$_runWithJUnitRunner_closure1.doCall(JUnitCustomKeywords.groovy)
		at com.kms.katalon.core.keyword.internal.KeywordMain.runKeyword(KeywordMain.groovy:68)
		at com.kms.katalon.core.keyword.internal.KeywordMain$runKeyword.call(Unknown Source)
		at com.kazurayam.junit4ks.JUnitCustomKeywords.runWithJUnitRunner(JUnitCustomKeywords.groovy:134)
		at com.kazurayam.junit4ks.JUnitCustomKeywords$runWithJUnitRunner$0.callStatic(Unknown Source)
		at com.kazurayam.junit4ks.JUnitCustomKeywords.runWithJUnitRunner(JUnitCustomKeywords.groovy:215)
		at com.kazurayam.junit4ks.JUnitCustomKeywords$runWithJUnitRunner.callStatic(Unknown Source)
		at AssociatorTestRunner.run(AssociatorTestRunner:4)
		at com.kms.katalon.core.main.ScriptEngine.run(ScriptEngine.java:194)
		at com.kms.katalon.core.main.ScriptEngine.runScriptAsRawText(ScriptEngine.java:119)
		at com.kms.katalon.core.main.TestCaseExecutor.runScript(TestCaseExecutor.java:398)
		at com.kms.katalon.core.main.TestCaseExecutor.doExecute(TestCaseExecutor.java:389)
		at com.kms.katalon.core.main.TestCaseExecutor.processExecutionPhase(TestCaseExecutor.java:368)
		at com.kms.katalon.core.main.TestCaseExecutor.accessMainPhase(TestCaseExecutor.java:360)
		at com.kms.katalon.core.main.TestCaseExecutor.execute(TestCaseExecutor.java:255)
		at com.kms.katalon.core.main.TestSuiteExecutor.accessTestCaseMainPhase(TestSuiteExecutor.java:203)
		at com.kms.katalon.core.main.TestSuiteExecutor.accessTestSuiteMainPhase(TestSuiteExecutor.java:152)
		at com.kms.katalon.core.main.TestSuiteExecutor.execute(TestSuiteExecutor.java:95)
		at com.kms.katalon.core.main.TestCaseMain.startTestSuite(TestCaseMain.java:157)
		at com.kms.katalon.core.main.TestCaseMain$startTestSuite$0.call(Unknown Source)
		at TempTestSuite1620485638510.run(TempTestSuite1620485638510.groovy:39)
	]
	at com.kms.katalon.core.keyword.internal.KeywordMain.stepFailed(KeywordMain.groovy:50)
	at com.kms.katalon.core.keyword.internal.KeywordMain.stepFailed(KeywordMain.groovy)
	at com.kms.katalon.core.keyword.internal.KeywordMain.stepFailed(KeywordMain.groovy:23)
	at com.kms.katalon.core.keyword.internal.KeywordMain$stepFailed$0.call(Unknown Source)
	at com.kazurayam.junit4ks.JUnitCustomKeywords$_runWithJUnitRunner_closure1.doCall(JUnitCustomKeywords.groovy:150)
	at com.kazurayam.junit4ks.JUnitCustomKeywords$_runWithJUnitRunner_closure1.doCall(JUnitCustomKeywords.groovy)
	at com.kms.katalon.core.keyword.internal.KeywordMain.runKeyword(KeywordMain.groovy:68)
	at com.kms.katalon.core.keyword.internal.KeywordMain$runKeyword.call(Unknown Source)
	at com.kazurayam.junit4ks.JUnitCustomKeywords.runWithJUnitRunner(JUnitCustomKeywords.groovy:134)
	at com.kazurayam.junit4ks.JUnitCustomKeywords$runWithJUnitRunner$0.callStatic(Unknown Source)
	at com.kazurayam.junit4ks.JUnitCustomKeywords.runWithJUnitRunner(JUnitCustomKeywords.groovy:215)
	at com.kazurayam.junit4ks.JUnitCustomKeywords$runWithJUnitRunner.callStatic(Unknown Source)
	at AssociatorTestRunner.run(AssociatorTestRunner:4)
	at com.kms.katalon.core.main.ScriptEngine.run(ScriptEngine.java:194)
	at com.kms.katalon.core.main.ScriptEngine.runScriptAsRawText(ScriptEngine.java:119)
	at com.kms.katalon.core.main.TestCaseExecutor.runScript(TestCaseExecutor.java:398)
	at com.kms.katalon.core.main.TestCaseExecutor.doExecute(TestCaseExecutor.java:389)
	at com.kms.katalon.core.main.TestCaseExecutor.processExecutionPhase(TestCaseExecutor.java:368)
	at com.kms.katalon.core.main.TestCaseExecutor.accessMainPhase(TestCaseExecutor.java:360)
	at com.kms.katalon.core.main.TestCaseExecutor.execute(TestCaseExecutor.java:255)
	at com.kms.katalon.core.main.TestSuiteExecutor.accessTestCaseMainPhase(TestSuiteExecutor.java:203)
	at com.kms.katalon.core.main.TestSuiteExecutor.accessTestSuiteMainPhase(TestSuiteExecutor.java:152)
	at com.kms.katalon.core.main.TestSuiteExecutor.execute(TestSuiteExecutor.java:95)
	at com.kms.katalon.core.main.TestCaseMain.startTestSuite(TestCaseMain.java:157)
	at com.kms.katalon.core.main.TestCaseMain$startTestSuite$0.call(Unknown Source)
	at TempTestSuite1620485638510.run(TempTestSuite1620485638510.groovy:39)
</message>
  <exception>
    <message>com.kms.katalon.core.exception.StepFailedException: These following reason:
 [
	java.lang.AssertionError: callees: [test_modifyTestObject] does not contain "Page_CURA Healthcare Service/a_Got to Homepage"
		at org.junit.Assert.fail(Assert.java:89)
		at org.junit.Assert.assertTrue(Assert.java:42)
		at com.kazurayam.ks.testobject.AssociatorTest.test_TestObjectInObjectRepository(AssociatorTest.groovy:30)
		at org.junit.runners.model.FrameworkMethod$1.runReflectiveCall(FrameworkMethod.java:59)
		at org.junit.internal.runners.model.ReflectiveCallable.run(ReflectiveCallable.java:12)
		at org.junit.runners.model.FrameworkMethod.invokeExplosively(FrameworkMethod.java:56)
		at org.junit.internal.runners.statements.InvokeMethod.evaluate(InvokeMethod.java:17)
		at org.junit.runners.ParentRunner$3.evaluate(ParentRunner.java:306)
		at org.junit.runners.BlockJUnit4ClassRunner$1.evaluate(BlockJUnit4ClassRunner.java:100)
		at org.junit.runners.ParentRunner.runLeaf(ParentRunner.java:366)
		at org.junit.runners.BlockJUnit4ClassRunner.runChild(BlockJUnit4ClassRunner.java:103)
		at org.junit.runners.BlockJUnit4ClassRunner.runChild(BlockJUnit4ClassRunner.java:63)
		at org.junit.runners.ParentRunner$4.run(ParentRunner.java:331)
		at org.junit.runners.ParentRunner$1.schedule(ParentRunner.java:79)
		at org.junit.runners.ParentRunner.runChildren(ParentRunner.java:329)
		at org.junit.runners.ParentRunner.access$100(ParentRunner.java:66)
		at org.junit.runners.ParentRunner$2.evaluate(ParentRunner.java:293)
		at org.junit.runners.ParentRunner$3.evaluate(ParentRunner.java:306)
		at org.junit.runners.ParentRunner.run(ParentRunner.java:413)
		at org.junit.runners.Suite.runChild(Suite.java:128)
		at org.junit.runners.Suite.runChild(Suite.java:27)
		at org.junit.runners.ParentRunner$4.run(ParentRunner.java:331)
		at org.junit.runners.ParentRunner$1.schedule(ParentRunner.java:79)
		at org.junit.runners.ParentRunner.runChildren(ParentRunner.java:329)
		at org.junit.runners.ParentRunner.access$100(ParentRunner.java:66)
		at org.junit.runners.ParentRunner$2.evaluate(ParentRunner.java:293)
		at org.junit.runners.ParentRunner$3.evaluate(ParentRunner.java:306)
		at org.junit.runners.ParentRunner.run(ParentRunner.java:413)
		at org.junit.runner.JUnitCore.run(JUnitCore.java:137)
		at org.junit.runner.JUnitCore.run(JUnitCore.java:115)
		at org.junit.runner.JUnitCore.run(JUnitCore.java:105)
		at com.kazurayam.junit4ks.JUnitCustomKeywords$_runWithJUnitRunner_closure1.doCall(JUnitCustomKeywords.groovy:138)
		at com.kazurayam.junit4ks.JUnitCustomKeywords$_runWithJUnitRunner_closure1.doCall(JUnitCustomKeywords.groovy)
		at com.kms.katalon.core.keyword.internal.KeywordMain.runKeyword(KeywordMain.groovy:68)
		at com.kms.katalon.core.keyword.internal.KeywordMain$runKeyword.call(Unknown Source)
		at com.kazurayam.junit4ks.JUnitCustomKeywords.runWithJUnitRunner(JUnitCustomKeywords.groovy:134)
		at com.kazurayam.junit4ks.JUnitCustomKeywords$runWithJUnitRunner$0.callStatic(Unknown Source)
		at com.kazurayam.junit4ks.JUnitCustomKeywords.runWithJUnitRunner(JUnitCustomKeywords.groovy:215)
		at com.kazurayam.junit4ks.JUnitCustomKeywords$runWithJUnitRunner.callStatic(Unknown Source)
		at AssociatorTestRunner.run(AssociatorTestRunner:4)
		at com.kms.katalon.core.main.ScriptEngine.run(ScriptEngine.java:194)
		at com.kms.katalon.core.main.ScriptEngine.runScriptAsRawText(ScriptEngine.java:119)
		at com.kms.katalon.core.main.TestCaseExecutor.runScript(TestCaseExecutor.java:398)
		at com.kms.katalon.core.main.TestCaseExecutor.doExecute(TestCaseExecutor.java:389)
		at com.kms.katalon.core.main.TestCaseExecutor.processExecutionPhase(TestCaseExecutor.java:368)
		at com.kms.katalon.core.main.TestCaseExecutor.accessMainPhase(TestCaseExecutor.java:360)
		at com.kms.katalon.core.main.TestCaseExecutor.execute(TestCaseExecutor.java:255)
		at com.kms.katalon.core.main.TestSuiteExecutor.accessTestCaseMainPhase(TestSuiteExecutor.java:203)
		at com.kms.katalon.core.main.TestSuiteExecutor.accessTestSuiteMainPhase(TestSuiteExecutor.java:152)
		at com.kms.katalon.core.main.TestSuiteExecutor.execute(TestSuiteExecutor.java:95)
		at com.kms.katalon.core.main.TestCaseMain.startTestSuite(TestCaseMain.java:157)
		at com.kms.katalon.core.main.TestCaseMain$startTestSuite$0.call(Unknown Source)
		at TempTestSuite1620485638510.run(TempTestSuite1620485638510.groovy:39)
	]</message>
    <frame>
      <class>com.kms.katalon.core.keyword.internal.KeywordMain</class>
      <method>stepFailed</method>
      <line>50</line>
    </frame>
    <frame>
      <class>com.kms.katalon.core.keyword.internal.KeywordMain</class>
      <method>stepFailed</method>
    </frame>
    <frame>
      <class>com.kms.katalon.core.keyword.internal.KeywordMain</class>
      <method>stepFailed</method>
      <line>23</line>
    </frame>
    <frame>
      <class>com.kms.katalon.core.keyword.internal.KeywordMain$stepFailed$0</class>
      <method>call</method>
    </frame>
    <frame>
      <class>com.kazurayam.junit4ks.JUnitCustomKeywords$_runWithJUnitRunner_closure1</class>
      <method>doCall</method>
      <line>150</line>
    </frame>
    <frame>
      <class>com.kazurayam.junit4ks.JUnitCustomKeywords$_runWithJUnitRunner_closure1</class>
      <method>doCall</method>
    </frame>
    <frame>
      <class>com.kms.katalon.core.keyword.internal.KeywordMain</class>
      <method>runKeyword</method>
      <line>68</line>
    </frame>
    <frame>
      <class>com.kms.katalon.core.keyword.internal.KeywordMain$runKeyword</class>
      <method>call</method>
    </frame>
    <frame>
      <class>com.kazurayam.junit4ks.JUnitCustomKeywords</class>
      <method>runWithJUnitRunner</method>
      <line>134</line>
    </frame>
    <frame>
      <class>com.kazurayam.junit4ks.JUnitCustomKeywords$runWithJUnitRunner$0</class>
      <method>callStatic</method>
    </frame>
    <frame>
      <class>com.kazurayam.junit4ks.JUnitCustomKeywords</class>
      <method>runWithJUnitRunner</method>
      <line>215</line>
    </frame>
    <frame>
      <class>com.kazurayam.junit4ks.JUnitCustomKeywords$runWithJUnitRunner</class>
      <method>callStatic</method>
    </frame>
    <frame>
      <class>AssociatorTestRunner</class>
      <method>run</method>
      <line>4</line>
    </frame>
    <frame>
      <class>com.kms.katalon.core.main.ScriptEngine</class>
      <method>run</method>
      <line>194</line>
    </frame>
    <frame>
      <class>com.kms.katalon.core.main.ScriptEngine</class>
      <method>runScriptAsRawText</method>
      <line>119</line>
    </frame>
    <frame>
      <class>com.kms.katalon.core.main.TestCaseExecutor</class>
      <method>runScript</method>
      <line>398</line>
    </frame>
    <frame>
      <class>com.kms.katalon.core.main.TestCaseExecutor</class>
      <method>doExecute</method>
      <line>389</line>
    </frame>
    <frame>
      <class>com.kms.katalon.core.main.TestCaseExecutor</class>
      <method>processExecutionPhase</method>
      <line>368</line>
    </frame>
    <frame>
      <class>com.kms.katalon.core.main.TestCaseExecutor</class>
      <method>accessMainPhase</method>
      <line>360</line>
    </frame>
    <frame>
      <class>com.kms.katalon.core.main.TestCaseExecutor</class>
      <method>execute</method>
      <line>255</line>
    </frame>
    <frame>
      <class>com.kms.katalon.core.main.TestSuiteExecutor</class>
      <method>accessTestCaseMainPhase</method>
      <line>203</line>
    </frame>
    <frame>
      <class>com.kms.katalon.core.main.TestSuiteExecutor</class>
      <method>accessTestSuiteMainPhase</method>
      <line>152</line>
    </frame>
    <frame>
      <class>com.kms.katalon.core.main.TestSuiteExecutor</class>
      <method>execute</method>
      <line>95</line>
    </frame>
    <frame>
      <class>com.kms.katalon.core.main.TestCaseMain</class>
      <method>startTestSuite</method>
      <line>157</line>
    </frame>
    <frame>
      <class>com.kms.katalon.core.main.TestCaseMain$startTestSuite$0</class>
      <method>call</method>
    </frame>
    <frame>
      <class>TempTestSuite1620485638510</class>
      <method>run</method>
      <line>39</line>
    </frame>
  </exception>
  <nestedLevel>0</nestedLevel>
  <escapedJava>false</escapedJava>
  <property name="failed.exception.stacktrace">com.kms.katalon.core.exception.StepFailedException: These following reason:
 [
	java.lang.AssertionError: callees: [test_modifyTestObject] does not contain &quot;Page_CURA Healthcare Service/a_Got to Homepage&quot;
		at org.junit.Assert.fail(Assert.java:89)
		at org.junit.Assert.assertTrue(Assert.java:42)
		at com.kazurayam.ks.testobject.AssociatorTest.test_TestObjectInObjectRepository(AssociatorTest.groovy:30)
		at org.junit.runners.model.FrameworkMethod$1.runReflectiveCall(FrameworkMethod.java:59)
		at org.junit.internal.runners.model.ReflectiveCallable.run(ReflectiveCallable.java:12)
		at org.junit.runners.model.FrameworkMethod.invokeExplosively(FrameworkMethod.java:56)
		at org.junit.internal.runners.statements.InvokeMethod.evaluate(InvokeMethod.java:17)
		at org.junit.runners.ParentRunner$3.evaluate(ParentRunner.java:306)
		at org.junit.runners.BlockJUnit4ClassRunner$1.evaluate(BlockJUnit4ClassRunner.java:100)
		at org.junit.runners.ParentRunner.runLeaf(ParentRunner.java:366)
		at org.junit.runners.BlockJUnit4ClassRunner.runChild(BlockJUnit4ClassRunner.java:103)
		at org.junit.runners.BlockJUnit4ClassRunner.runChild(BlockJUnit4ClassRunner.java:63)
		at org.junit.runners.ParentRunner$4.run(ParentRunner.java:331)
		at org.junit.runners.ParentRunner$1.schedule(ParentRunner.java:79)
		at org.junit.runners.ParentRunner.runChildren(ParentRunner.java:329)
		at org.junit.runners.ParentRunner.access$100(ParentRunner.java:66)
		at org.junit.runners.ParentRunner$2.evaluate(ParentRunner.java:293)
		at org.junit.runners.ParentRunner$3.evaluate(ParentRunner.java:306)
		at org.junit.runners.ParentRunner.run(ParentRunner.java:413)
		at org.junit.runners.Suite.runChild(Suite.java:128)
		at org.junit.runners.Suite.runChild(Suite.java:27)
		at org.junit.runners.ParentRunner$4.run(ParentRunner.java:331)
		at org.junit.runners.ParentRunner$1.schedule(ParentRunner.java:79)
		at org.junit.runners.ParentRunner.runChildren(ParentRunner.java:329)
		at org.junit.runners.ParentRunner.access$100(ParentRunner.java:66)
		at org.junit.runners.ParentRunner$2.evaluate(ParentRunner.java:293)
		at org.junit.runners.ParentRunner$3.evaluate(ParentRunner.java:306)
		at org.junit.runners.ParentRunner.run(ParentRunner.java:413)
		at org.junit.runner.JUnitCore.run(JUnitCore.java:137)
		at org.junit.runner.JUnitCore.run(JUnitCore.java:115)
		at org.junit.runner.JUnitCore.run(JUnitCore.java:105)
		at com.kazurayam.junit4ks.JUnitCustomKeywords$_runWithJUnitRunner_closure1.doCall(JUnitCustomKeywords.groovy:138)
		at com.kazurayam.junit4ks.JUnitCustomKeywords$_runWithJUnitRunner_closure1.doCall(JUnitCustomKeywords.groovy)
		at com.kms.katalon.core.keyword.internal.KeywordMain.runKeyword(KeywordMain.groovy:68)
		at com.kms.katalon.core.keyword.internal.KeywordMain$runKeyword.call(Unknown Source)
		at com.kazurayam.junit4ks.JUnitCustomKeywords.runWithJUnitRunner(JUnitCustomKeywords.groovy:134)
		at com.kazurayam.junit4ks.JUnitCustomKeywords$runWithJUnitRunner$0.callStatic(Unknown Source)
		at com.kazurayam.junit4ks.JUnitCustomKeywords.runWithJUnitRunner(JUnitCustomKeywords.groovy:215)
		at com.kazurayam.junit4ks.JUnitCustomKeywords$runWithJUnitRunner.callStatic(Unknown Source)
		at AssociatorTestRunner.run(AssociatorTestRunner:4)
		at com.kms.katalon.core.main.ScriptEngine.run(ScriptEngine.java:194)
		at com.kms.katalon.core.main.ScriptEngine.runScriptAsRawText(ScriptEngine.java:119)
		at com.kms.katalon.core.main.TestCaseExecutor.runScript(TestCaseExecutor.java:398)
		at com.kms.katalon.core.main.TestCaseExecutor.doExecute(TestCaseExecutor.java:389)
		at com.kms.katalon.core.main.TestCaseExecutor.processExecutionPhase(TestCaseExecutor.java:368)
		at com.kms.katalon.core.main.TestCaseExecutor.accessMainPhase(TestCaseExecutor.java:360)
		at com.kms.katalon.core.main.TestCaseExecutor.execute(TestCaseExecutor.java:255)
		at com.kms.katalon.core.main.TestSuiteExecutor.accessTestCaseMainPhase(TestSuiteExecutor.java:203)
		at com.kms.katalon.core.main.TestSuiteExecutor.accessTestSuiteMainPhase(TestSuiteExecutor.java:152)
		at com.kms.katalon.core.main.TestSuiteExecutor.execute(TestSuiteExecutor.java:95)
		at com.kms.katalon.core.main.TestCaseMain.startTestSuite(TestCaseMain.java:157)
		at com.kms.katalon.core.main.TestCaseMain$startTestSuite$0.call(Unknown Source)
		at TempTestSuite1620485638510.run(TempTestSuite1620485638510.groovy:39)
	]
	at com.kms.katalon.core.keyword.internal.KeywordMain.stepFailed(KeywordMain.groovy:50)
	at com.kms.katalon.core.keyword.internal.KeywordMain.stepFailed(KeywordMain.groovy)
	at com.kms.katalon.core.keyword.internal.KeywordMain.stepFailed(KeywordMain.groovy:23)
	at com.kms.katalon.core.keyword.internal.KeywordMain$stepFailed$0.call(Unknown Source)
	at com.kazurayam.junit4ks.JUnitCustomKeywords$_runWithJUnitRunner_closure1.doCall(JUnitCustomKeywords.groovy:150)
	at com.kazurayam.junit4ks.JUnitCustomKeywords$_runWithJUnitRunner_closure1.doCall(JUnitCustomKeywords.groovy)
	at com.kms.katalon.core.keyword.internal.KeywordMain.runKeyword(KeywordMain.groovy:68)
	at com.kms.katalon.core.keyword.internal.KeywordMain$runKeyword.call(Unknown Source)
	at com.kazurayam.junit4ks.JUnitCustomKeywords.runWithJUnitRunner(JUnitCustomKeywords.groovy:134)
	at com.kazurayam.junit4ks.JUnitCustomKeywords$runWithJUnitRunner$0.callStatic(Unknown Source)
	at com.kazurayam.junit4ks.JUnitCustomKeywords.runWithJUnitRunner(JUnitCustomKeywords.groovy:215)
	at com.kazurayam.junit4ks.JUnitCustomKeywords$runWithJUnitRunner.callStatic(Unknown Source)
	at AssociatorTestRunner.run(AssociatorTestRunner:4)
	at com.kms.katalon.core.main.ScriptEngine.run(ScriptEngine.java:194)
	at com.kms.katalon.core.main.ScriptEngine.runScriptAsRawText(ScriptEngine.java:119)
	at com.kms.katalon.core.main.TestCaseExecutor.runScript(TestCaseExecutor.java:398)
	at com.kms.katalon.core.main.TestCaseExecutor.doExecute(TestCaseExecutor.java:389)
	at com.kms.katalon.core.main.TestCaseExecutor.processExecutionPhase(TestCaseExecutor.java:368)
	at com.kms.katalon.core.main.TestCaseExecutor.accessMainPhase(TestCaseExecutor.java:360)
	at com.kms.katalon.core.main.TestCaseExecutor.execute(TestCaseExecutor.java:255)
	at com.kms.katalon.core.main.TestSuiteExecutor.accessTestCaseMainPhase(TestSuiteExecutor.java:203)
	at com.kms.katalon.core.main.TestSuiteExecutor.accessTestSuiteMainPhase(TestSuiteExecutor.java:152)
	at com.kms.katalon.core.main.TestSuiteExecutor.execute(TestSuiteExecutor.java:95)
	at com.kms.katalon.core.main.TestCaseMain.startTestSuite(TestCaseMain.java:157)
	at com.kms.katalon.core.main.TestCaseMain$startTestSuite$0.call(Unknown Source)
	at TempTestSuite1620485638510.run(TempTestSuite1620485638510.groovy:39)
</property>
  <property name="failed.exception.class">com.kms.katalon.core.exception.StepFailedException</property>
  <property name="failed.exception.message">These following reason:
 [
	java.lang.AssertionError: callees: [test_modifyTestObject] does not contain &quot;Page_CURA Healthcare Service/a_Got to Homepage&quot;
		at org.junit.Assert.fail(Assert.java:89)
		at org.junit.Assert.assertTrue(Assert.java:42)
		at com.kazurayam.ks.testobject.AssociatorTest.test_TestObjectInObjectRepository(AssociatorTest.groovy:30)
		at org.junit.runners.model.FrameworkMethod$1.runReflectiveCall(FrameworkMethod.java:59)
		at org.junit.internal.runners.model.ReflectiveCallable.run(ReflectiveCallable.java:12)
		at org.junit.runners.model.FrameworkMethod.invokeExplosively(FrameworkMethod.java:56)
		at org.junit.internal.runners.statements.InvokeMethod.evaluate(InvokeMethod.java:17)
		at org.junit.runners.ParentRunner$3.evaluate(ParentRunner.java:306)
		at org.junit.runners.BlockJUnit4ClassRunner$1.evaluate(BlockJUnit4ClassRunner.java:100)
		at org.junit.runners.ParentRunner.runLeaf(ParentRunner.java:366)
		at org.junit.runners.BlockJUnit4ClassRunner.runChild(BlockJUnit4ClassRunner.java:103)
		at org.junit.runners.BlockJUnit4ClassRunner.runChild(BlockJUnit4ClassRunner.java:63)
		at org.junit.runners.ParentRunner$4.run(ParentRunner.java:331)
		at org.junit.runners.ParentRunner$1.schedule(ParentRunner.java:79)
		at org.junit.runners.ParentRunner.runChildren(ParentRunner.java:329)
		at org.junit.runners.ParentRunner.access$100(ParentRunner.java:66)
		at org.junit.runners.ParentRunner$2.evaluate(ParentRunner.java:293)
		at org.junit.runners.ParentRunner$3.evaluate(ParentRunner.java:306)
		at org.junit.runners.ParentRunner.run(ParentRunner.java:413)
		at org.junit.runners.Suite.runChild(Suite.java:128)
		at org.junit.runners.Suite.runChild(Suite.java:27)
		at org.junit.runners.ParentRunner$4.run(ParentRunner.java:331)
		at org.junit.runners.ParentRunner$1.schedule(ParentRunner.java:79)
		at org.junit.runners.ParentRunner.runChildren(ParentRunner.java:329)
		at org.junit.runners.ParentRunner.access$100(ParentRunner.java:66)
		at org.junit.runners.ParentRunner$2.evaluate(ParentRunner.java:293)
		at org.junit.runners.ParentRunner$3.evaluate(ParentRunner.java:306)
		at org.junit.runners.ParentRunner.run(ParentRunner.java:413)
		at org.junit.runner.JUnitCore.run(JUnitCore.java:137)
		at org.junit.runner.JUnitCore.run(JUnitCore.java:115)
		at org.junit.runner.JUnitCore.run(JUnitCore.java:105)
		at com.kazurayam.junit4ks.JUnitCustomKeywords$_runWithJUnitRunner_closure1.doCall(JUnitCustomKeywords.groovy:138)
		at com.kazurayam.junit4ks.JUnitCustomKeywords$_runWithJUnitRunner_closure1.doCall(JUnitCustomKeywords.groovy)
		at com.kms.katalon.core.keyword.internal.KeywordMain.runKeyword(KeywordMain.groovy:68)
		at com.kms.katalon.core.keyword.internal.KeywordMain$runKeyword.call(Unknown Source)
		at com.kazurayam.junit4ks.JUnitCustomKeywords.runWithJUnitRunner(JUnitCustomKeywords.groovy:134)
		at com.kazurayam.junit4ks.JUnitCustomKeywords$runWithJUnitRunner$0.callStatic(Unknown Source)
		at com.kazurayam.junit4ks.JUnitCustomKeywords.runWithJUnitRunner(JUnitCustomKeywords.groovy:215)
		at com.kazurayam.junit4ks.JUnitCustomKeywords$runWithJUnitRunner.callStatic(Unknown Source)
		at AssociatorTestRunner.run(AssociatorTestRunner:4)
		at com.kms.katalon.core.main.ScriptEngine.run(ScriptEngine.java:194)
		at com.kms.katalon.core.main.ScriptEngine.runScriptAsRawText(ScriptEngine.java:119)
		at com.kms.katalon.core.main.TestCaseExecutor.runScript(TestCaseExecutor.java:398)
		at com.kms.katalon.core.main.TestCaseExecutor.doExecute(TestCaseExecutor.java:389)
		at com.kms.katalon.core.main.TestCaseExecutor.processExecutionPhase(TestCaseExecutor.java:368)
		at com.kms.katalon.core.main.TestCaseExecutor.accessMainPhase(TestCaseExecutor.java:360)
		at com.kms.katalon.core.main.TestCaseExecutor.execute(TestCaseExecutor.java:255)
		at com.kms.katalon.core.main.TestSuiteExecutor.accessTestCaseMainPhase(TestSuiteExecutor.java:203)
		at com.kms.katalon.core.main.TestSuiteExecutor.accessTestSuiteMainPhase(TestSuiteExecutor.java:152)
		at com.kms.katalon.core.main.TestSuiteExecutor.execute(TestSuiteExecutor.java:95)
		at com.kms.katalon.core.main.TestCaseMain.startTestSuite(TestCaseMain.java:157)
		at com.kms.katalon.core.main.TestCaseMain$startTestSuite$0.call(Unknown Source)
		at TempTestSuite1620485638510.run(TempTestSuite1620485638510.groovy:39)
	]</property>
</record>
<record>
  <date>2021-05-08T23:54:11</date>
  <millis>1620485651036</millis>
  <sequence>41</sequence>
  <level>END</level>
  <class>com.kms.katalon.core.logging.XmlKeywordLogger</class>
  <method>endTest</method>
  <thread>1</thread>
  <message>End Test Case : Test Cases/junittest/AssociatorTestRunner</message>
  <nestedLevel>0</nestedLevel>
  <escapedJava>false</escapedJava>
</record>
<record>
  <date>2021-05-08T23:54:11</date>
  <millis>1620485651038</millis>
  <sequence>42</sequence>
  <level>START</level>
  <class>com.kms.katalon.core.logging.XmlKeywordLogger</class>
  <method>startKeyword</method>
  <thread>1</thread>
  <message>Start listener action : afterTestSuite</message>
  <nestedLevel>0</nestedLevel>
  <escapedJava>false</escapedJava>
</record>
<record>
  <date>2021-05-08T23:54:11</date>
  <millis>1620485651039</millis>
  <sequence>44</sequence>
  <level>START</level>
  <class>com.kms.katalon.core.logging.XmlKeywordLogger</class>
  <method>startKeyword</method>
  <thread>1</thread>
  <message>Start action : associator.afterTestSuite(testSuiteContext)</message>
  <nestedLevel>1</nestedLevel>
  <escapedJava>false</escapedJava>
  <property name="startLine">29</property>
  <property name="stepIndex">1</property>
</record>
<record>
  <date>2021-05-08T23:54:11</date>
  <millis>1620485651165</millis>
  <sequence>46</sequence>
  <level>END</level>
  <class>com.kms.katalon.core.logging.XmlKeywordLogger</class>
  <method>endKeyword</method>
  <thread>1</thread>
  <message>End action : associator.afterTestSuite(testSuiteContext)</message>
  <nestedLevel>1</nestedLevel>
  <escapedJava>false</escapedJava>
</record>
<record>
  <date>2021-05-08T23:54:11</date>
  <millis>1620485651165</millis>
  <sequence>47</sequence>
  <level>END</level>
  <class>com.kms.katalon.core.logging.XmlKeywordLogger</class>
  <method>endKeyword</method>
  <thread>1</thread>
  <message>End listener action : afterTestSuite</message>
  <nestedLevel>0</nestedLevel>
  <escapedJava>false</escapedJava>
</record>
<record>
  <date>2021-05-08T23:54:11</date>
  <millis>1620485651166</millis>
  <sequence>48</sequence>
  <level>START</level>
  <class>com.kms.katalon.core.logging.XmlKeywordLogger</class>
  <method>startKeyword</method>
  <thread>1</thread>
  <message>Start listener action : exportKatalonReports</message>
  <nestedLevel>0</nestedLevel>
  <escapedJava>false</escapedJava>
</record>
<record>
  <date>2021-05-08T23:54:11</date>
  <millis>1620485651376</millis>
  <sequence>114</sequence>
  <level>INFO</level>
  <class>com.kms.katalon.core.logging.XmlKeywordLogger</class>
  <method>logMessage</method>
  <thread>1</thread>
  <message>Start generating HTML report folder at: /Users/kazuakiurayama/katalon-workspace/kazurayam-ks-testobject-testcase-association-tracer/Reports/20210508_235358/junittest/AssociatorTestSuite/20210508_235358...</message>
  <nestedLevel>0</nestedLevel>
  <escapedJava>false</escapedJava>
</record>
<record>
  <date>2021-05-08T23:54:11</date>
  <millis>1620485651402</millis>
  <sequence>115</sequence>
  <level>INFO</level>
  <class>com.kms.katalon.core.logging.XmlKeywordLogger</class>
  <method>logMessage</method>
  <thread>1</thread>
  <message>HTML report generated</message>
  <nestedLevel>0</nestedLevel>
  <escapedJava>false</escapedJava>
</record>
<record>
  <date>2021-05-08T23:54:11</date>
  <millis>1620485651402</millis>
  <sequence>116</sequence>
  <level>INFO</level>
  <class>com.kms.katalon.core.logging.XmlKeywordLogger</class>
  <method>logMessage</method>
  <thread>1</thread>
  <message>Start generating CSV report folder at: /Users/kazuakiurayama/katalon-workspace/kazurayam-ks-testobject-testcase-association-tracer/Reports/20210508_235358/junittest/AssociatorTestSuite/20210508_235358...</message>
  <nestedLevel>0</nestedLevel>
  <escapedJava>false</escapedJava>
</record>
<record>
  <date>2021-05-08T23:54:11</date>
  <millis>1620485651430</millis>
  <sequence>117</sequence>
  <level>INFO</level>
  <class>com.kms.katalon.core.logging.XmlKeywordLogger</class>
  <method>logMessage</method>
  <thread>1</thread>
  <message>CSV report generated</message>
  <nestedLevel>0</nestedLevel>
  <escapedJava>false</escapedJava>
</record>
<record>
  <date>2021-05-08T23:54:11</date>
  <millis>1620485651430</millis>
  <sequence>119</sequence>
  <level>END</level>
  <class>com.kms.katalon.core.logging.XmlKeywordLogger</class>
  <method>endKeyword</method>
  <thread>1</thread>
  <message>End listener action : exportKatalonReports</message>
  <nestedLevel>0</nestedLevel>
  <escapedJava>false</escapedJava>
</record>
<record>
  <date>2021-05-08T23:54:11</date>
  <millis>1620485651494</millis>
  <sequence>120</sequence>
  <level>END</level>
  <class>com.kms.katalon.core.logging.XmlKeywordLogger</class>
  <method>endSuite</method>
  <thread>1</thread>
  <message>End Test Suite : Test Suites/junittest/AssociatorTestSuite</message>
  <nestedLevel>0</nestedLevel>
  <escapedJava>false</escapedJava>
</record>
</log>